Log file open, 09/05/20 19:54:36
LogInit: Display: Running engine for game: Platformer
LogPlatformFile: Not using cached read wrapper
LogTaskGraph: Started task graph with 5 named threads and 14 total threads with 3 sets of task threads.
LogStats: Stats thread started at 0.175862
LogD3D11RHI: Loaded GFSDK_Aftermath_Lib.x64.dll
LogICUInternationalization: ICU TimeZone Detection - Raw Offset: -6:00, Platform Override: ''
LogPluginManager: Mounting plugin Paper2D
LogPluginManager: Mounting plugin AISupport
LogPluginManager: Mounting plugin LightPropagationVolume
LogPluginManager: Mounting plugin CameraShakePreviewer
LogPluginManager: Mounting plugin ActorLayerUtilities
LogPluginManager: Mounting plugin AnimationSharing
LogPluginManager: Mounting plugin CLionSourceCodeAccess
LogPluginManager: Mounting plugin CodeLiteSourceCodeAccess
LogPluginManager: Mounting plugin GitSourceControl
LogPluginManager: Mounting plugin KDevelopSourceCodeAccess
LogPluginManager: Mounting plugin NullSourceCodeAccess
LogPluginManager: Mounting plugin PerforceSourceControl
LogPluginManager: Mounting plugin PlasticSourceControl
LogPluginManager: Mounting plugin RiderSourceCodeAccess
LogPluginManager: Mounting plugin SubversionSourceControl
LogPluginManager: Mounting plugin UObjectPlugin
LogPluginManager: Mounting plugin VisualStudioCodeSourceCodeAccess
LogPluginManager: Mounting plugin VisualStudioSourceCodeAccess
LogPluginManager: Mounting plugin XCodeSourceCodeAccess
LogPluginManager: Mounting plugin AssetManagerEditor
LogPluginManager: Mounting plugin CryptoKeys
LogPluginManager: Mounting plugin CurveEditorTools
LogPluginManager: Mounting plugin DataValidation
LogPluginManager: Mounting plugin EditorScriptingUtilities
LogPluginManager: Mounting plugin FacialAnimation
LogPluginManager: Mounting plugin GameplayTagsEditor
LogPluginManager: Mounting plugin GeometryMode
LogPluginManager: Mounting plugin MacGraphicsSwitching
LogPluginManager: Mounting plugin MaterialAnalyzer
LogPluginManager: Mounting plugin MobileLauncherProfileWizard
LogPluginManager: Mounting plugin PluginBrowser
LogPluginManager: Mounting plugin SpeedTreeImporter
LogPluginManager: Mounting plugin DatasmithContent
LogPluginManager: Mounting plugin VariantManagerContent
LogPluginManager: Mounting plugin AlembicImporter
LogPluginManager: Mounting plugin AutomationUtils
LogPluginManager: Mounting plugin BackChannel
LogPluginManager: Mounting plugin ChaosCloth
LogPluginManager: Mounting plugin ChaosClothEditor
LogPluginManager: Mounting plugin ChaosEditor
LogPluginManager: Mounting plugin ChaosNiagara
LogPluginManager: Mounting plugin ChaosSolverPlugin
LogPluginManager: Mounting plugin CharacterAI
LogPluginManager: Mounting plugin GeometryCache
LogPluginManager: Mounting plugin GeometryCollectionPlugin
LogPluginManager: Mounting plugin GeometryProcessing
LogPluginManager: Mounting plugin PlanarCut
LogPluginManager: Mounting plugin PlatformCrypto
LogPluginManager: Mounting plugin ProxyLODPlugin
LogPluginManager: Mounting plugin SkeletalReduction
LogPluginManager: Mounting plugin Niagara
LogPluginManager: Mounting plugin MagicLeap
LogPluginManager: Mounting plugin MagicLeapLightEstimation
LogPluginManager: Mounting plugin MagicLeapMedia
LogPluginManager: Mounting plugin MagicLeapPassableWorld
LogPluginManager: Mounting plugin MLSDK
LogPluginManager: Mounting plugin AndroidMedia
LogPluginManager: Mounting plugin AvfMedia
LogPluginManager: Mounting plugin ImgMedia
LogPluginManager: Mounting plugin MediaCompositing
LogPluginManager: Mounting plugin MediaPlayerEditor
LogPluginManager: Mounting plugin WebMMedia
LogPluginManager: Mounting plugin WmfMedia
LogPluginManager: Mounting plugin MeshPainting
LogPluginManager: Mounting plugin TcpMessaging
LogPluginManager: Mounting plugin UdpMessaging
LogPluginManager: Mounting plugin ActorSequence
LogPluginManager: Mounting plugin LevelSequenceEditor
LogPluginManager: Mounting plugin MatineeToLevelSequence
LogPluginManager: Mounting plugin MovieRenderPipeline
LogPluginManager: Mounting plugin TemplateSequence
LogPluginManager: Mounting plugin NetcodeUnitTest
LogPluginManager: Mounting plugin NUTUnrealEngine4
LogPluginManager: Mounting plugin OnlineSubsystemGooglePlay
LogPluginManager: Mounting plugin OnlineSubsystemIOS
LogPluginManager: Mounting plugin OnlineSubsystem
LogPluginManager: Mounting plugin OnlineSubsystemNull
LogPluginManager: Mounting plugin OnlineSubsystemUtils
LogPluginManager: Mounting plugin LauncherChunkInstaller
LogPluginManager: Mounting plugin AndroidDeviceProfileSelector
LogPluginManager: Mounting plugin AndroidMoviePlayer
LogPluginManager: Mounting plugin AndroidPermission
LogPluginManager: Mounting plugin AppleImageUtils
LogPluginManager: Mounting plugin AppleMoviePlayer
LogPluginManager: Mounting plugin ArchVisCharacter
LogPluginManager: Mounting plugin AssetTags
LogPluginManager: Mounting plugin AudioCapture
LogPluginManager: Mounting plugin CableComponent
LogPluginManager: Mounting plugin CustomMeshComponent
LogPluginManager: Mounting plugin EditableMesh
LogPluginManager: Mounting plugin ExampleDeviceProfileSelector
LogPluginManager: Mounting plugin GoogleCloudMessaging
LogPluginManager: Mounting plugin GooglePAD
LogPluginManager: Mounting plugin IOSDeviceProfileSelector
LogPluginManager: Mounting plugin LinuxDeviceProfileSelector
LogPluginManager: Mounting plugin LocationServicesBPLibrary
LogPluginManager: Mounting plugin MobilePatchingUtils
LogPluginManager: Mounting plugin OculusVR
LogPluginManager: Mounting plugin PhysXVehicles
LogPluginManager: Mounting plugin PostSplashScreen
LogPluginManager: Mounting plugin ProceduralMeshComponent
LogPluginManager: Mounting plugin RuntimePhysXCooking
LogPluginManager: Mounting plugin SignificanceManager
LogPluginManager: Mounting plugin SoundFields
LogPluginManager: Mounting plugin SteamVR
LogPluginManager: Mounting plugin Synthesis
LogPluginManager: Mounting plugin WebMMoviePlayer
LogPluginManager: Mounting plugin WindowsMoviePlayer
LogPluginManager: Mounting plugin ScreenshotTools
LogInit: Using libcurl 7.55.1-DEV
LogInit:  - built for x86_64-pc-win32
LogInit:  - supports SSL with OpenSSL/1.1.1
LogInit:  - supports HTTP deflate (compression) using libz 1.2.8
LogInit:  - other features:
LogInit:      CURL_VERSION_SSL
LogInit:      CURL_VERSION_LIBZ
LogInit:      CURL_VERSION_IPV6
LogInit:      CURL_VERSION_ASYNCHDNS
LogInit:      CURL_VERSION_LARGEFILE
LogInit:      CURL_VERSION_IDN
LogInit:  CurlRequestOptions (configurable via config and command line):
LogInit:  - bVerifyPeer = true  - Libcurl will verify peer certificate
LogInit:  - bUseHttpProxy = false  - Libcurl will NOT use HTTP proxy
LogInit:  - bDontReuseConnections = false  - Libcurl will reuse connections
LogInit:  - MaxHostConnections = 16  - Libcurl will limit the number of connections to a host
LogInit:  - LocalHostAddr = Default
LogInit:  - BufferSize = 65536
LogOnline: OSS: Creating online subsystem instance for: NULL
LogInit: WinSock: version 1.1 (2.2), MaxSocks=32767, MaxUdp=65467
LogOnline: OSS: TryLoadSubsystemAndSetDefault: Loaded subsystem for module [NULL]
LogInit: Build: ++UE4+Release-4.25-CL-13942748
LogInit: Engine Version: 4.25.3-13942748+++UE4+Release-4.25
LogInit: Compatible Engine Version: 4.25.0-13144385+++UE4+Release-4.25
LogInit: Net CL: 13144385
LogInit: OS: Windows 10 (Release 1903) (), CPU: Intel(R) Core(TM) i5-4570 CPU @ 3.20GHz, GPU: NVIDIA GeForce GTX 670
LogInit: Compiled (64-bit): Jul 25 2020 02:07:48
LogInit: Compiled with Visual C++: 19.24.28315.00
LogInit: Build Configuration: Development
LogInit: Branch Name: ++UE4+Release-4.25
LogInit: Command Line:  -EpicPortal -epicusername=ThunderDude1999 -epicuserid=781aeef3e49045af94abbb4012641896 -epiclocale=en
LogInit: Base Directory: C:/Program Files/Epic Games/UE_4.25/Engine/Binaries/Win64/
LogInit: Allocator: TBB
LogInit: Installed Engine Build: 1
LogDevObjectVersion: Number of dev versions registered: 26
LogDevObjectVersion:   Dev-Blueprints (B0D832E4-1F89-4F0D-ACCF-7EB736FD4AA2): 10
LogDevObjectVersion:   Dev-Build (E1C64328-A22C-4D53-A36C-8E866417BD8C): 0
LogDevObjectVersion:   Dev-Core (375EC13C-06E4-48FB-B500-84F0262A717E): 4
LogDevObjectVersion:   Dev-Editor (E4B068ED-F494-42E9-A231-DA0B2E46BB41): 38
LogDevObjectVersion:   Dev-Framework (CFFC743F-43B0-4480-9391-14DF171D2073): 37
LogDevObjectVersion:   Dev-Mobile (B02B49B5-BB20-44E9-A304-32B752E40360): 2
LogDevObjectVersion:   Dev-Networking (A4E4105C-59A1-49B5-A7C5-40C4547EDFEE): 0
LogDevObjectVersion:   Dev-Online (39C831C9-5AE6-47DC-9A44-9C173E1C8E7C): 0
LogDevObjectVersion:   Dev-Physics (78F01B33-EBEA-4F98-B9B4-84EACCB95AA2): 4
LogDevObjectVersion:   Dev-Platform (6631380F-2D4D-43E0-8009-CF276956A95A): 0
LogDevObjectVersion:   Dev-Rendering (12F88B9F-8875-4AFC-A67C-D90C383ABD29): 43
LogDevObjectVersion:   Dev-Sequencer (7B5AE74C-D270-4C10-A958-57980B212A5A): 12
LogDevObjectVersion:   Dev-VR (D7296918-1DD6-4BDD-9DE2-64A83CC13884): 3
LogDevObjectVersion:   Dev-LoadTimes (C2A15278-BFE7-4AFE-6C17-90FF531DF755): 1
LogDevObjectVersion:   Private-Geometry (6EACA3D4-40EC-4CC1-B786-8BED09428FC5): 3
LogDevObjectVersion:   Dev-AnimPhys (29E575DD-E0A3-4627-9D10-D276232CDCEA): 17
LogDevObjectVersion:   Dev-Anim (AF43A65D-7FD3-4947-9873-3E8ED9C1BB05): 7
LogDevObjectVersion:   Dev-ReflectionCapture (6B266CEC-1EC7-4B8F-A30B-E4D90942FC07): 1
LogDevObjectVersion:   Dev-Automation (0DF73D61-A23F-47EA-B727-89E90C41499A): 1
LogDevObjectVersion:   FortniteMain (601D1886-AC64-4F84-AA16-D3DE0DEAC7D6): 31
LogDevObjectVersion:   Dev-Enterprise (9DFFBCD6-494F-0158-E221-12823C92A888): 10
LogDevObjectVersion:   Dev-Niagara (F2AED0AC-9AFE-416F-8664-AA7FFA26D6FC): 1
LogDevObjectVersion:   Dev-Destruction (174F1F0B-B4C6-45A5-B13F-2EE8D0FB917D): 10
LogDevObjectVersion:   Dev-Physics-Ext (35F94A83-E258-406C-A318-09F59610247C): 37
LogDevObjectVersion:   Dev-PhysicsMaterial-Chaos (B68FC16E-8B1B-42E2-B453-215C058844FE): 1
LogDevObjectVersion:   Dev-CineCamera (B2E18506-4273-CFC2-A54E-F4BB758BBA07): 1
LogInit: Presizing for max 25165824 objects, including 0 objects not considered by GC, pre-allocating 0 bytes for permanent pool.
LogConfig: Applying CVar settings from Section [/Script/Engine.StreamingSettings] File [C:/Users/Brayden/Documents/UnrealG/Platformer/Platformer/PlatFormer game/Platformer/Saved/Config/Windows/Engine.ini]
LogConfig: Setting CVar [[s.MinBulkDataSizeForAsyncLoading:131072]]
LogConfig: Setting CVar [[s.AsyncLoadingThreadEnabled:0]]
LogConfig: Setting CVar [[s.EventDrivenLoaderEnabled:1]]
LogConfig: Setting CVar [[s.WarnIfTimeLimitExceeded:0]]
LogConfig: Setting CVar [[s.TimeLimitExceededMultiplier:1.5]]
LogConfig: Setting CVar [[s.TimeLimitExceededMinTime:0.005]]
LogConfig: Setting CVar [[s.UseBackgroundLevelStreaming:1]]
LogConfig: Setting CVar [[s.PriorityAsyncLoadingExtraTime:15.0]]
LogConfig: Setting CVar [[s.LevelStreamingActorsUpdateTimeLimit:5.0]]
LogConfig: Setting CVar [[s.PriorityLevelStreamingActorsUpdateExtraTime:5.0]]
LogConfig: Setting CVar [[s.LevelStreamingComponentsRegistrationGranularity:10]]
LogConfig: Setting CVar [[s.UnregisterComponentsTimeLimit:1.0]]
LogConfig: Setting CVar [[s.LevelStreamingComponentsUnregistrationGranularity:5]]
LogConfig: Setting CVar [[s.FlushStreamingOnExit:1]]
LogInit: Object subsystem initialized
LogConfig: Setting CVar [[con.DebugEarlyDefault:1]]
LogConfig: Setting CVar [[r.setres:1280x720]]
[2020.09.06-00.54.37:267][  0]LogConfig: Setting CVar [[r.VSync:0]]
[2020.09.06-00.54.37:267][  0]LogConfig: Setting CVar [[r.RHICmdBypass:0]]
[2020.09.06-00.54.37:267][  0]LogConfig: Applying CVar settings from Section [/Script/Engine.RendererSettings] File [C:/Users/Brayden/Documents/UnrealG/Platformer/Platformer/PlatFormer game/Platformer/Saved/Config/Windows/Engine.ini]
[2020.09.06-00.54.37:267][  0]LogConfig: Setting CVar [[r.GPUCrashDebugging:0]]
[2020.09.06-00.54.37:267][  0]LogConfig: Applying CVar settings from Section [/Script/Engine.RendererOverrideSettings] File [C:/Users/Brayden/Documents/UnrealG/Platformer/Platformer/PlatFormer game/Platformer/Saved/Config/Windows/Engine.ini]
[2020.09.06-00.54.37:267][  0]LogConfig: Applying CVar settings from Section [/Script/Engine.StreamingSettings] File [C:/Users/Brayden/Documents/UnrealG/Platformer/Platformer/PlatFormer game/Platformer/Saved/Config/Windows/Engine.ini]
[2020.09.06-00.54.37:267][  0]LogConfig: Setting CVar [[s.MinBulkDataSizeForAsyncLoading:131072]]
[2020.09.06-00.54.37:267][  0]LogConfig: Setting CVar [[s.AsyncLoadingThreadEnabled:0]]
[2020.09.06-00.54.37:267][  0]LogConfig: Setting CVar [[s.EventDrivenLoaderEnabled:1]]
[2020.09.06-00.54.37:267][  0]LogConfig: Setting CVar [[s.WarnIfTimeLimitExceeded:0]]
[2020.09.06-00.54.37:267][  0]LogConfig: Setting CVar [[s.TimeLimitExceededMultiplier:1.5]]
[2020.09.06-00.54.37:267][  0]LogConfig: Setting CVar [[s.TimeLimitExceededMinTime:0.005]]
[2020.09.06-00.54.37:267][  0]LogConfig: Setting CVar [[s.UseBackgroundLevelStreaming:1]]
[2020.09.06-00.54.37:267][  0]LogConfig: Setting CVar [[s.PriorityAsyncLoadingExtraTime:15.0]]
[2020.09.06-00.54.37:267][  0]LogConfig: Setting CVar [[s.LevelStreamingActorsUpdateTimeLimit:5.0]]
[2020.09.06-00.54.37:267][  0]LogConfig: Setting CVar [[s.PriorityLevelStreamingActorsUpdateExtraTime:5.0]]
[2020.09.06-00.54.37:267][  0]LogConfig: Setting CVar [[s.LevelStreamingComponentsRegistrationGranularity:10]]
[2020.09.06-00.54.37:267][  0]LogConfig: Setting CVar [[s.UnregisterComponentsTimeLimit:1.0]]
[2020.09.06-00.54.37:267][  0]LogConfig: Setting CVar [[s.LevelStreamingComponentsUnregistrationGranularity:5]]
[2020.09.06-00.54.37:267][  0]LogConfig: Setting CVar [[s.FlushStreamingOnExit:1]]
[2020.09.06-00.54.37:267][  0]LogConfig: Applying CVar settings from Section [/Script/Engine.GarbageCollectionSettings] File [C:/Users/Brayden/Documents/UnrealG/Platformer/Platformer/PlatFormer game/Platformer/Saved/Config/Windows/Engine.ini]
[2020.09.06-00.54.37:267][  0]LogConfig: Setting CVar [[gc.MaxObjectsNotConsideredByGC:1]]
[2020.09.06-00.54.37:267][  0]LogConfig: Setting CVar [[gc.SizeOfPermanentObjectPool:0]]
[2020.09.06-00.54.37:267][  0]LogConfig: Setting CVar [[gc.FlushStreamingOnGC:0]]
[2020.09.06-00.54.37:267][  0]LogConfig: Setting CVar [[gc.NumRetriesBeforeForcingGC:10]]
[2020.09.06-00.54.37:267][  0]LogConfig: Setting CVar [[gc.AllowParallelGC:1]]
[2020.09.06-00.54.37:267][  0]LogConfig: Setting CVar [[gc.TimeBetweenPurgingPendingKillObjects:61.1]]
[2020.09.06-00.54.37:267][  0]LogConfig: Setting CVar [[gc.MaxObjectsInEditor:25165824]]
[2020.09.06-00.54.37:267][  0]LogConfig: Setting CVar [[gc.IncrementalBeginDestroyEnabled:1]]
[2020.09.06-00.54.37:267][  0]LogConfig: Setting CVar [[gc.CreateGCClusters:1]]
[2020.09.06-00.54.37:267][  0]LogConfig: Setting CVar [[gc.MinGCClusterSize:5]]
[2020.09.06-00.54.37:267][  0]LogConfig: Setting CVar [[gc.ActorClusteringEnabled:0]]
[2020.09.06-00.54.37:267][  0]LogConfig: Setting CVar [[gc.BlueprintClusteringEnabled:0]]
[2020.09.06-00.54.37:267][  0]LogConfig: Setting CVar [[gc.UseDisregardForGCOnDedicatedServers:0]]
[2020.09.06-00.54.37:267][  0]LogConfig: Applying CVar settings from Section [/Script/Engine.NetworkSettings] File [C:/Users/Brayden/Documents/UnrealG/Platformer/Platformer/PlatFormer game/Platformer/Saved/Config/Windows/Engine.ini]
[2020.09.06-00.54.37:267][  0]LogConfig: Applying CVar settings from Section [/Script/UnrealEd.CookerSettings] File [C:/Users/Brayden/Documents/UnrealG/Platformer/Platformer/PlatFormer game/Platformer/Saved/Config/Windows/Engine.ini]
[2020.09.06-00.54.37:274][  0]LogConfig: Applying CVar settings from Section [ViewDistanceQuality@3] File [C:/Users/Brayden/Documents/UnrealG/Platformer/Platformer/PlatFormer game/Platformer/Saved/Config/Windows/Scalability.ini]
[2020.09.06-00.54.37:275][  0]LogConfig: Setting CVar [[r.SkeletalMeshLODBias:0]]
[2020.09.06-00.54.37:275][  0]LogConfig: Setting CVar [[r.ViewDistanceScale:1.0]]
[2020.09.06-00.54.37:275][  0]LogConfig: Applying CVar settings from Section [AntiAliasingQuality@3] File [C:/Users/Brayden/Documents/UnrealG/Platformer/Platformer/PlatFormer game/Platformer/Saved/Config/Windows/Scalability.ini]
[2020.09.06-00.54.37:275][  0]LogConfig: Setting CVar [[r.PostProcessAAQuality:4]]
[2020.09.06-00.54.37:275][  0]LogConfig: Applying CVar settings from Section [ShadowQuality@3] File [C:/Users/Brayden/Documents/UnrealG/Platformer/Platformer/PlatFormer game/Platformer/Saved/Config/Windows/Scalability.ini]
[2020.09.06-00.54.37:275][  0]LogConfig: Setting CVar [[r.LightFunctionQuality:1]]
[2020.09.06-00.54.37:275][  0]LogConfig: Setting CVar [[r.ShadowQuality:5]]
[2020.09.06-00.54.37:275][  0]LogConfig: Setting CVar [[r.Shadow.CSM.MaxCascades:10]]
[2020.09.06-00.54.37:275][  0]LogConfig: Setting CVar [[r.Shadow.MaxResolution:2048]]
[2020.09.06-00.54.37:275][  0]LogConfig: Setting CVar [[r.Shadow.MaxCSMResolution:2048]]
[2020.09.06-00.54.37:275][  0]LogConfig: Setting CVar [[r.Shadow.RadiusThreshold:0.01]]
[2020.09.06-00.54.37:275][  0]LogConfig: Setting CVar [[r.Shadow.DistanceScale:1.0]]
[2020.09.06-00.54.37:275][  0]LogConfig: Setting CVar [[r.Shadow.CSM.TransitionScale:1.0]]
[2020.09.06-00.54.37:275][  0]LogConfig: Setting CVar [[r.Shadow.PreShadowResolutionFactor:1.0]]
[2020.09.06-00.54.37:275][  0]LogConfig: Setting CVar [[r.DistanceFieldShadowing:1]]
[2020.09.06-00.54.37:275][  0]LogConfig: Setting CVar [[r.DistanceFieldAO:1]]
[2020.09.06-00.54.37:275][  0]LogConfig: Setting CVar [[r.AOQuality:2]]
[2020.09.06-00.54.37:275][  0]LogConfig: Setting CVar [[r.VolumetricFog:1]]
[2020.09.06-00.54.37:275][  0]LogConfig: Setting CVar [[r.VolumetricFog.GridPixelSize:8]]
[2020.09.06-00.54.37:275][  0]LogConfig: Setting CVar [[r.VolumetricFog.GridSizeZ:128]]
[2020.09.06-00.54.37:275][  0]LogConfig: Setting CVar [[r.VolumetricFog.HistoryMissSupersampleCount:4]]
[2020.09.06-00.54.37:275][  0]LogConfig: Setting CVar [[r.LightMaxDrawDistanceScale:1]]
[2020.09.06-00.54.37:275][  0]LogConfig: Setting CVar [[r.CapsuleShadows:1]]
[2020.09.06-00.54.37:275][  0]LogConfig: Applying CVar settings from Section [PostProcessQuality@3] File [C:/Users/Brayden/Documents/UnrealG/Platformer/Platformer/PlatFormer game/Platformer/Saved/Config/Windows/Scalability.ini]
[2020.09.06-00.54.37:275][  0]LogConfig: Setting CVar [[r.MotionBlurQuality:4]]
[2020.09.06-00.54.37:275][  0]LogConfig: Setting CVar [[r.AmbientOcclusionMipLevelFactor:0.4]]
[2020.09.06-00.54.37:275][  0]LogConfig: Setting CVar [[r.AmbientOcclusionMaxQuality:100]]
[2020.09.06-00.54.37:275][  0]LogConfig: Setting CVar [[r.AmbientOcclusionLevels:-1]]
[2020.09.06-00.54.37:275][  0]LogConfig: Setting CVar [[r.AmbientOcclusionRadiusScale:1.0]]
[2020.09.06-00.54.37:275][  0]LogConfig: Setting CVar [[r.DepthOfFieldQuality:2]]
[2020.09.06-00.54.37:275][  0]LogConfig: Setting CVar [[r.RenderTargetPoolMin:400]]
[2020.09.06-00.54.37:275][  0]LogConfig: Setting CVar [[r.LensFlareQuality:2]]
[2020.09.06-00.54.37:275][  0]LogConfig: Setting CVar [[r.SceneColorFringeQuality:1]]
[2020.09.06-00.54.37:275][  0]LogConfig: Setting CVar [[r.EyeAdaptationQuality:2]]
[2020.09.06-00.54.37:275][  0]LogConfig: Setting CVar [[r.BloomQuality:5]]
[2020.09.06-00.54.37:275][  0]LogConfig: Setting CVar [[r.FastBlurThreshold:100]]
[2020.09.06-00.54.37:275][  0]LogConfig: Setting CVar [[r.Upscale.Quality:3]]
[2020.09.06-00.54.37:275][  0]LogConfig: Setting CVar [[r.Tonemapper.GrainQuantization:1]]
[2020.09.06-00.54.37:275][  0]LogConfig: Setting CVar [[r.LightShaftQuality:1]]
[2020.09.06-00.54.37:275][  0]LogConfig: Setting CVar [[r.Filter.SizeScale:1]]
[2020.09.06-00.54.37:275][  0]LogConfig: Setting CVar [[r.Tonemapper.Quality:5]]
[2020.09.06-00.54.37:275][  0]LogConfig: Setting CVar [[r.DOF.Gather.AccumulatorQuality:1        ; higher gathering accumulator quality]]
[2020.09.06-00.54.37:275][  0]LogConfig: Setting CVar [[r.DOF.Gather.PostfilterMethod:1          ; Median3x3 postfilering method]]
[2020.09.06-00.54.37:275][  0]LogConfig: Setting CVar [[r.DOF.Gather.EnableBokehSettings:0       ; no bokeh simulation when gathering]]
[2020.09.06-00.54.37:275][  0]LogConfig: Setting CVar [[r.DOF.Gather.RingCount:4                 ; medium number of samples when gathering]]
[2020.09.06-00.54.37:275][  0]LogConfig: Setting CVar [[r.DOF.Scatter.ForegroundCompositing:1    ; additive foreground scattering]]
[2020.09.06-00.54.37:275][  0]LogConfig: Setting CVar [[r.DOF.Scatter.BackgroundCompositing:2    ; additive background scattering]]
[2020.09.06-00.54.37:275][  0]LogConfig: Setting CVar [[r.DOF.Scatter.EnableBokehSettings:1      ; bokeh simulation when scattering]]
[2020.09.06-00.54.37:275][  0]LogConfig: Setting CVar [[r.DOF.Scatter.MaxSpriteRatio:0.1         ; only a maximum of 10% of scattered bokeh]]
[2020.09.06-00.54.37:275][  0]LogConfig: Setting CVar [[r.DOF.Recombine.Quality:1                ; cheap slight out of focus]]
[2020.09.06-00.54.37:275][  0]LogConfig: Setting CVar [[r.DOF.Recombine.EnableBokehSettings:0    ; no bokeh simulation on slight out of focus]]
[2020.09.06-00.54.37:275][  0]LogConfig: Setting CVar [[r.DOF.TemporalAAQuality:1                ; more stable temporal accumulation]]
[2020.09.06-00.54.37:275][  0]LogConfig: Setting CVar [[r.DOF.Kernel.MaxForegroundRadius:0.025]]
[2020.09.06-00.54.37:275][  0]LogConfig: Setting CVar [[r.DOF.Kernel.MaxBackgroundRadius:0.025]]
[2020.09.06-00.54.37:275][  0]LogConfig: Applying CVar settings from Section [TextureQuality@3] File [C:/Users/Brayden/Documents/UnrealG/Platformer/Platformer/PlatFormer game/Platformer/Saved/Config/Windows/Scalability.ini]
[2020.09.06-00.54.37:275][  0]LogConfig: Setting CVar [[r.Streaming.MipBias:0]]
[2020.09.06-00.54.37:275][  0]LogConfig: Setting CVar [[r.Streaming.AmortizeCPUToGPUCopy:0]]
[2020.09.06-00.54.37:275][  0]LogConfig: Setting CVar [[r.Streaming.MaxNumTexturesToStreamPerFrame:0]]
[2020.09.06-00.54.37:275][  0]LogConfig: Setting CVar [[r.Streaming.Boost:1]]
[2020.09.06-00.54.37:275][  0]LogConfig: Setting CVar [[r.MaxAnisotropy:8]]
[2020.09.06-00.54.37:275][  0]LogConfig: Setting CVar [[r.VT.MaxAnisotropy:8]]
[2020.09.06-00.54.37:275][  0]LogConfig: Setting CVar [[r.Streaming.LimitPoolSizeToVRAM:0]]
[2020.09.06-00.54.37:275][  0]LogConfig: Setting CVar [[r.Streaming.PoolSize:1000]]
[2020.09.06-00.54.37:275][  0]LogConfig: Setting CVar [[r.Streaming.MaxEffectiveScreenSize:0]]
[2020.09.06-00.54.37:275][  0]LogConfig: Applying CVar settings from Section [EffectsQuality@3] File [C:/Users/Brayden/Documents/UnrealG/Platformer/Platformer/PlatFormer game/Platformer/Saved/Config/Windows/Scalability.ini]
[2020.09.06-00.54.37:276][  0]LogConfig: Setting CVar [[r.TranslucencyLightingVolumeDim:64]]
[2020.09.06-00.54.37:276][  0]LogConfig: Setting CVar [[r.RefractionQuality:2]]
[2020.09.06-00.54.37:276][  0]LogConfig: Setting CVar [[r.SSR.Quality:3]]
[2020.09.06-00.54.37:276][  0]LogConfig: Setting CVar [[r.SSR.HalfResSceneColor:0]]
[2020.09.06-00.54.37:276][  0]LogConfig: Setting CVar [[r.SceneColorFormat:4]]
[2020.09.06-00.54.37:276][  0]LogConfig: Setting CVar [[r.DetailMode:2]]
[2020.09.06-00.54.37:276][  0]LogConfig: Setting CVar [[r.TranslucencyVolumeBlur:1]]
[2020.09.06-00.54.37:276][  0]LogConfig: Setting CVar [[r.MaterialQualityLevel:1 ; High quality]]
[2020.09.06-00.54.37:276][  0]LogConfig: Setting CVar [[r.SSS.Scale:1]]
[2020.09.06-00.54.37:276][  0]LogConfig: Setting CVar [[r.SSS.SampleSet:2]]
[2020.09.06-00.54.37:276][  0]LogConfig: Setting CVar [[r.SSS.Quality:1]]
[2020.09.06-00.54.37:276][  0]LogConfig: Setting CVar [[r.SSS.HalfRes:0]]
[2020.09.06-00.54.37:276][  0]LogConfig: Setting CVar [[r.SSGI.Quality:3]]
[2020.09.06-00.54.37:276][  0]LogConfig: Setting CVar [[r.EmitterSpawnRateScale:1.0]]
[2020.09.06-00.54.37:276][  0]LogConfig: Setting CVar [[r.ParticleLightQuality:2]]
[2020.09.06-00.54.37:276][  0]LogConfig: Setting CVar [[r.SkyAtmosphere.AerialPerspectiveLUT.FastApplyOnOpaque:1 ; Always have FastSkyLUT 1 in this case to avoid wrong sky]]
[2020.09.06-00.54.37:276][  0]LogConfig: Setting CVar [[r.SkyAtmosphere.AerialPerspectiveLUT.SampleCountPerSlice:1]]
[2020.09.06-00.54.37:276][  0]LogConfig: Setting CVar [[r.SkyAtmosphere.AerialPerspectiveLUT.DepthResolution:16.0]]
[2020.09.06-00.54.37:276][  0]LogConfig: Setting CVar [[r.SkyAtmosphere.FastSkyLUT:1]]
[2020.09.06-00.54.37:276][  0]LogConfig: Setting CVar [[r.SkyAtmosphere.FastSkyLUT.SampleCountMin:4.0]]
[2020.09.06-00.54.37:276][  0]LogConfig: Setting CVar [[r.SkyAtmosphere.FastSkyLUT.SampleCountMax:32.0]]
[2020.09.06-00.54.37:276][  0]LogConfig: Setting CVar [[r.SkyAtmosphere.SampleCountMin:4.0]]
[2020.09.06-00.54.37:276][  0]LogConfig: Setting CVar [[r.SkyAtmosphere.SampleCountMax:32.0]]
[2020.09.06-00.54.37:276][  0]LogConfig: Setting CVar [[r.SkyAtmosphere.TransmittanceLUT.UseSmallFormat:0]]
[2020.09.06-00.54.37:276][  0]LogConfig: Setting CVar [[r.SkyAtmosphere.TransmittanceLUT.SampleCount:10.0]]
[2020.09.06-00.54.37:276][  0]LogConfig: Setting CVar [[r.SkyAtmosphere.MultiScatteringLUT.SampleCount:15.0]]
[2020.09.06-00.54.37:276][  0]LogConfig: Applying CVar settings from Section [FoliageQuality@3] File [C:/Users/Brayden/Documents/UnrealG/Platformer/Platformer/PlatFormer game/Platformer/Saved/Config/Windows/Scalability.ini]
[2020.09.06-00.54.37:276][  0]LogConfig: Setting CVar [[foliage.DensityScale:1.0]]
[2020.09.06-00.54.37:276][  0]LogConfig: Setting CVar [[grass.DensityScale:1.0]]
[2020.09.06-00.54.37:276][  0]LogConfig: Applying CVar settings from Section [ShadingQuality@3] File [C:/Users/Brayden/Documents/UnrealG/Platformer/Platformer/PlatFormer game/Platformer/Saved/Config/Windows/Scalability.ini]
[2020.09.06-00.54.37:276][  0]LogConfig: Setting CVar [[r.HairStrands.SkyLighting.SampleCount:16]]
[2020.09.06-00.54.37:276][  0]LogConfig: Setting CVar [[r.HairStrands.SkyLighting.JitterIntegration:0]]
[2020.09.06-00.54.37:276][  0]LogConfig: Setting CVar [[r.HairStrands.SkyAO.SampleCount:16]]
[2020.09.06-00.54.37:276][  0]LogConfig: Setting CVar [[r.HairStrands.DeepShadow.SuperSampling:0]]
[2020.09.06-00.54.37:276][  0]LogConfig: Setting CVar [[r.HairStrands.VisibilityPPLL:0]]
[2020.09.06-00.54.37:276][  0]LogConfig: Setting CVar [[r.HairStrands.RasterizationScale:0.5]]
[2020.09.06-00.54.37:276][  0]LogConfig: Setting CVar [[r.HairStrands.VelocityRasterizationScale:1]]
[2020.09.06-00.54.37:276][  0]LogInit: Selected Device Profile: [Windows]
[2020.09.06-00.54.37:276][  0]LogInit: Applying CVar settings loaded from the selected device profile: [Windows]
[2020.09.06-00.54.37:276][  0]LogHAL: Display: Platform has ~ 16 GB [17116573696 / 17179869184 / 16], which maps to Larger [LargestMinGB=32, LargerMinGB=12, DefaultMinGB=8, SmallerMinGB=6, SmallestMinGB=0)
[2020.09.06-00.54.37:276][  0]LogInit: Going up to parent DeviceProfile []
[2020.09.06-00.54.37:276][  0]LogConfig: Applying CVar settings from Section [ViewDistanceQuality@3] File [C:/Users/Brayden/Documents/UnrealG/Platformer/Platformer/PlatFormer game/Platformer/Saved/Config/Windows/Scalability.ini]
[2020.09.06-00.54.37:276][  0]LogConfig: Setting CVar [[r.SkeletalMeshLODBias:0]]
[2020.09.06-00.54.37:276][  0]LogConfig: Setting CVar [[r.ViewDistanceScale:1.0]]
[2020.09.06-00.54.37:276][  0]LogConfig: Applying CVar settings from Section [AntiAliasingQuality@3] File [C:/Users/Brayden/Documents/UnrealG/Platformer/Platformer/PlatFormer game/Platformer/Saved/Config/Windows/Scalability.ini]
[2020.09.06-00.54.37:276][  0]LogConfig: Setting CVar [[r.PostProcessAAQuality:4]]
[2020.09.06-00.54.37:276][  0]LogConfig: Applying CVar settings from Section [ShadowQuality@3] File [C:/Users/Brayden/Documents/UnrealG/Platformer/Platformer/PlatFormer game/Platformer/Saved/Config/Windows/Scalability.ini]
[2020.09.06-00.54.37:276][  0]LogConfig: Setting CVar [[r.LightFunctionQuality:1]]
[2020.09.06-00.54.37:276][  0]LogConfig: Setting CVar [[r.ShadowQuality:5]]
[2020.09.06-00.54.37:276][  0]LogConfig: Setting CVar [[r.Shadow.CSM.MaxCascades:10]]
[2020.09.06-00.54.37:276][  0]LogConfig: Setting CVar [[r.Shadow.MaxResolution:2048]]
[2020.09.06-00.54.37:276][  0]LogConfig: Setting CVar [[r.Shadow.MaxCSMResolution:2048]]
[2020.09.06-00.54.37:276][  0]LogConfig: Setting CVar [[r.Shadow.RadiusThreshold:0.01]]
[2020.09.06-00.54.37:276][  0]LogConfig: Setting CVar [[r.Shadow.DistanceScale:1.0]]
[2020.09.06-00.54.37:276][  0]LogConfig: Setting CVar [[r.Shadow.CSM.TransitionScale:1.0]]
[2020.09.06-00.54.37:276][  0]LogConfig: Setting CVar [[r.Shadow.PreShadowResolutionFactor:1.0]]
[2020.09.06-00.54.37:276][  0]LogConfig: Setting CVar [[r.DistanceFieldShadowing:1]]
[2020.09.06-00.54.37:276][  0]LogConfig: Setting CVar [[r.DistanceFieldAO:1]]
[2020.09.06-00.54.37:276][  0]LogConfig: Setting CVar [[r.AOQuality:2]]
[2020.09.06-00.54.37:276][  0]LogConfig: Setting CVar [[r.VolumetricFog:1]]
[2020.09.06-00.54.37:276][  0]LogConfig: Setting CVar [[r.VolumetricFog.GridPixelSize:8]]
[2020.09.06-00.54.37:276][  0]LogConfig: Setting CVar [[r.VolumetricFog.GridSizeZ:128]]
[2020.09.06-00.54.37:276][  0]LogConfig: Setting CVar [[r.VolumetricFog.HistoryMissSupersampleCount:4]]
[2020.09.06-00.54.37:276][  0]LogConfig: Setting CVar [[r.LightMaxDrawDistanceScale:1]]
[2020.09.06-00.54.37:276][  0]LogConfig: Setting CVar [[r.CapsuleShadows:1]]
[2020.09.06-00.54.37:276][  0]LogConfig: Applying CVar settings from Section [PostProcessQuality@3] File [C:/Users/Brayden/Documents/UnrealG/Platformer/Platformer/PlatFormer game/Platformer/Saved/Config/Windows/Scalability.ini]
[2020.09.06-00.54.37:276][  0]LogConfig: Setting CVar [[r.MotionBlurQuality:4]]
[2020.09.06-00.54.37:277][  0]LogConfig: Setting CVar [[r.AmbientOcclusionMipLevelFactor:0.4]]
[2020.09.06-00.54.37:277][  0]LogConfig: Setting CVar [[r.AmbientOcclusionMaxQuality:100]]
[2020.09.06-00.54.37:277][  0]LogConfig: Setting CVar [[r.AmbientOcclusionLevels:-1]]
[2020.09.06-00.54.37:277][  0]LogConfig: Setting CVar [[r.AmbientOcclusionRadiusScale:1.0]]
[2020.09.06-00.54.37:277][  0]LogConfig: Setting CVar [[r.DepthOfFieldQuality:2]]
[2020.09.06-00.54.37:277][  0]LogConfig: Setting CVar [[r.RenderTargetPoolMin:400]]
[2020.09.06-00.54.37:277][  0]LogConfig: Setting CVar [[r.LensFlareQuality:2]]
[2020.09.06-00.54.37:277][  0]LogConfig: Setting CVar [[r.SceneColorFringeQuality:1]]
[2020.09.06-00.54.37:277][  0]LogConfig: Setting CVar [[r.EyeAdaptationQuality:2]]
[2020.09.06-00.54.37:277][  0]LogConfig: Setting CVar [[r.BloomQuality:5]]
[2020.09.06-00.54.37:277][  0]LogConfig: Setting CVar [[r.FastBlurThreshold:100]]
[2020.09.06-00.54.37:277][  0]LogConfig: Setting CVar [[r.Upscale.Quality:3]]
[2020.09.06-00.54.37:277][  0]LogConfig: Setting CVar [[r.Tonemapper.GrainQuantization:1]]
[2020.09.06-00.54.37:277][  0]LogConfig: Setting CVar [[r.LightShaftQuality:1]]
[2020.09.06-00.54.37:277][  0]LogConfig: Setting CVar [[r.Filter.SizeScale:1]]
[2020.09.06-00.54.37:277][  0]LogConfig: Setting CVar [[r.Tonemapper.Quality:5]]
[2020.09.06-00.54.37:277][  0]LogConfig: Setting CVar [[r.DOF.Gather.AccumulatorQuality:1        ; higher gathering accumulator quality]]
[2020.09.06-00.54.37:277][  0]LogConfig: Setting CVar [[r.DOF.Gather.PostfilterMethod:1          ; Median3x3 postfilering method]]
[2020.09.06-00.54.37:277][  0]LogConfig: Setting CVar [[r.DOF.Gather.EnableBokehSettings:0       ; no bokeh simulation when gathering]]
[2020.09.06-00.54.37:277][  0]LogConfig: Setting CVar [[r.DOF.Gather.RingCount:4                 ; medium number of samples when gathering]]
[2020.09.06-00.54.37:277][  0]LogConfig: Setting CVar [[r.DOF.Scatter.ForegroundCompositing:1    ; additive foreground scattering]]
[2020.09.06-00.54.37:277][  0]LogConfig: Setting CVar [[r.DOF.Scatter.BackgroundCompositing:2    ; additive background scattering]]
[2020.09.06-00.54.37:277][  0]LogConfig: Setting CVar [[r.DOF.Scatter.EnableBokehSettings:1      ; bokeh simulation when scattering]]
[2020.09.06-00.54.37:277][  0]LogConfig: Setting CVar [[r.DOF.Scatter.MaxSpriteRatio:0.1         ; only a maximum of 10% of scattered bokeh]]
[2020.09.06-00.54.37:277][  0]LogConfig: Setting CVar [[r.DOF.Recombine.Quality:1                ; cheap slight out of focus]]
[2020.09.06-00.54.37:277][  0]LogConfig: Setting CVar [[r.DOF.Recombine.EnableBokehSettings:0    ; no bokeh simulation on slight out of focus]]
[2020.09.06-00.54.37:277][  0]LogConfig: Setting CVar [[r.DOF.TemporalAAQuality:1                ; more stable temporal accumulation]]
[2020.09.06-00.54.37:277][  0]LogConfig: Setting CVar [[r.DOF.Kernel.MaxForegroundRadius:0.025]]
[2020.09.06-00.54.37:277][  0]LogConfig: Setting CVar [[r.DOF.Kernel.MaxBackgroundRadius:0.025]]
[2020.09.06-00.54.37:277][  0]LogConfig: Applying CVar settings from Section [TextureQuality@3] File [C:/Users/Brayden/Documents/UnrealG/Platformer/Platformer/PlatFormer game/Platformer/Saved/Config/Windows/Scalability.ini]
[2020.09.06-00.54.37:277][  0]LogConfig: Setting CVar [[r.Streaming.MipBias:0]]
[2020.09.06-00.54.37:277][  0]LogConfig: Setting CVar [[r.Streaming.AmortizeCPUToGPUCopy:0]]
[2020.09.06-00.54.37:277][  0]LogConfig: Setting CVar [[r.Streaming.MaxNumTexturesToStreamPerFrame:0]]
[2020.09.06-00.54.37:277][  0]LogConfig: Setting CVar [[r.Streaming.Boost:1]]
[2020.09.06-00.54.37:277][  0]LogConfig: Setting CVar [[r.MaxAnisotropy:8]]
[2020.09.06-00.54.37:277][  0]LogConfig: Setting CVar [[r.VT.MaxAnisotropy:8]]
[2020.09.06-00.54.37:277][  0]LogConfig: Setting CVar [[r.Streaming.LimitPoolSizeToVRAM:0]]
[2020.09.06-00.54.37:277][  0]LogConfig: Setting CVar [[r.Streaming.PoolSize:1000]]
[2020.09.06-00.54.37:277][  0]LogConfig: Setting CVar [[r.Streaming.MaxEffectiveScreenSize:0]]
[2020.09.06-00.54.37:277][  0]LogConfig: Applying CVar settings from Section [EffectsQuality@3] File [C:/Users/Brayden/Documents/UnrealG/Platformer/Platformer/PlatFormer game/Platformer/Saved/Config/Windows/Scalability.ini]
[2020.09.06-00.54.37:277][  0]LogConfig: Setting CVar [[r.TranslucencyLightingVolumeDim:64]]
[2020.09.06-00.54.37:277][  0]LogConfig: Setting CVar [[r.RefractionQuality:2]]
[2020.09.06-00.54.37:277][  0]LogConfig: Setting CVar [[r.SSR.Quality:3]]
[2020.09.06-00.54.37:277][  0]LogConfig: Setting CVar [[r.SSR.HalfResSceneColor:0]]
[2020.09.06-00.54.37:277][  0]LogConfig: Setting CVar [[r.SceneColorFormat:4]]
[2020.09.06-00.54.37:277][  0]LogConfig: Setting CVar [[r.DetailMode:2]]
[2020.09.06-00.54.37:277][  0]LogConfig: Setting CVar [[r.TranslucencyVolumeBlur:1]]
[2020.09.06-00.54.37:277][  0]LogConfig: Setting CVar [[r.MaterialQualityLevel:1 ; High quality]]
[2020.09.06-00.54.37:277][  0]LogConfig: Setting CVar [[r.SSS.Scale:1]]
[2020.09.06-00.54.37:277][  0]LogConfig: Setting CVar [[r.SSS.SampleSet:2]]
[2020.09.06-00.54.37:277][  0]LogConfig: Setting CVar [[r.SSS.Quality:1]]
[2020.09.06-00.54.37:277][  0]LogConfig: Setting CVar [[r.SSS.HalfRes:0]]
[2020.09.06-00.54.37:277][  0]LogConfig: Setting CVar [[r.SSGI.Quality:3]]
[2020.09.06-00.54.37:277][  0]LogConfig: Setting CVar [[r.EmitterSpawnRateScale:1.0]]
[2020.09.06-00.54.37:277][  0]LogConfig: Setting CVar [[r.ParticleLightQuality:2]]
[2020.09.06-00.54.37:277][  0]LogConfig: Setting CVar [[r.SkyAtmosphere.AerialPerspectiveLUT.FastApplyOnOpaque:1 ; Always have FastSkyLUT 1 in this case to avoid wrong sky]]
[2020.09.06-00.54.37:277][  0]LogConfig: Setting CVar [[r.SkyAtmosphere.AerialPerspectiveLUT.SampleCountPerSlice:1]]
[2020.09.06-00.54.37:277][  0]LogConfig: Setting CVar [[r.SkyAtmosphere.AerialPerspectiveLUT.DepthResolution:16.0]]
[2020.09.06-00.54.37:277][  0]LogConfig: Setting CVar [[r.SkyAtmosphere.FastSkyLUT:1]]
[2020.09.06-00.54.37:277][  0]LogConfig: Setting CVar [[r.SkyAtmosphere.FastSkyLUT.SampleCountMin:4.0]]
[2020.09.06-00.54.37:277][  0]LogConfig: Setting CVar [[r.SkyAtmosphere.FastSkyLUT.SampleCountMax:32.0]]
[2020.09.06-00.54.37:277][  0]LogConfig: Setting CVar [[r.SkyAtmosphere.SampleCountMin:4.0]]
[2020.09.06-00.54.37:277][  0]LogConfig: Setting CVar [[r.SkyAtmosphere.SampleCountMax:32.0]]
[2020.09.06-00.54.37:277][  0]LogConfig: Setting CVar [[r.SkyAtmosphere.TransmittanceLUT.UseSmallFormat:0]]
[2020.09.06-00.54.37:277][  0]LogConfig: Setting CVar [[r.SkyAtmosphere.TransmittanceLUT.SampleCount:10.0]]
[2020.09.06-00.54.37:277][  0]LogConfig: Setting CVar [[r.SkyAtmosphere.MultiScatteringLUT.SampleCount:15.0]]
[2020.09.06-00.54.37:277][  0]LogConfig: Applying CVar settings from Section [FoliageQuality@3] File [C:/Users/Brayden/Documents/UnrealG/Platformer/Platformer/PlatFormer game/Platformer/Saved/Config/Windows/Scalability.ini]
[2020.09.06-00.54.37:277][  0]LogConfig: Setting CVar [[foliage.DensityScale:1.0]]
[2020.09.06-00.54.37:277][  0]LogConfig: Setting CVar [[grass.DensityScale:1.0]]
[2020.09.06-00.54.37:277][  0]LogConfig: Applying CVar settings from Section [ShadingQuality@3] File [C:/Users/Brayden/Documents/UnrealG/Platformer/Platformer/PlatFormer game/Platformer/Saved/Config/Windows/Scalability.ini]
[2020.09.06-00.54.37:277][  0]LogConfig: Setting CVar [[r.HairStrands.SkyLighting.SampleCount:16]]
[2020.09.06-00.54.37:277][  0]LogConfig: Setting CVar [[r.HairStrands.SkyLighting.JitterIntegration:0]]
[2020.09.06-00.54.37:277][  0]LogConfig: Setting CVar [[r.HairStrands.SkyAO.SampleCount:16]]
[2020.09.06-00.54.37:277][  0]LogConfig: Setting CVar [[r.HairStrands.DeepShadow.SuperSampling:0]]
[2020.09.06-00.54.37:277][  0]LogConfig: Setting CVar [[r.HairStrands.VisibilityPPLL:0]]
[2020.09.06-00.54.37:277][  0]LogConfig: Setting CVar [[r.HairStrands.RasterizationScale:0.5]]
[2020.09.06-00.54.37:278][  0]LogConfig: Setting CVar [[r.HairStrands.VelocityRasterizationScale:1]]
[2020.09.06-00.54.37:278][  0]LogConfig: Applying CVar settings from Section [Startup] File [../../../Engine/Config/ConsoleVariables.ini]
[2020.09.06-00.54.37:278][  0]LogConfig: Setting CVar [[net.UseAdaptiveNetUpdateFrequency:0]]
[2020.09.06-00.54.37:278][  0]LogConfig: Setting CVar [[p.chaos.AllowCreatePhysxBodies:1]]
[2020.09.06-00.54.37:278][  0]LogConfig: Setting CVar [[fx.SkipVectorVMBackendOptimizations:1]]
[2020.09.06-00.54.37:278][  0]LogConfig: Applying CVar settings from Section [ConsoleVariables] File [C:/Users/Brayden/Documents/UnrealG/Platformer/Platformer/PlatFormer game/Platformer/Saved/Config/Windows/Engine.ini]
[2020.09.06-00.54.37:278][  0]LogInit: Computer: BRAYDEN-PC
[2020.09.06-00.54.37:278][  0]LogInit: User: Brayden
[2020.09.06-00.54.37:278][  0]LogInit: CPU Page size=4096, Cores=4
[2020.09.06-00.54.37:278][  0]LogInit: High frequency timer resolution =10.000000 MHz
[2020.09.06-00.54.37:278][  0]LogMemory: Memory total: Physical=15.9GB (16GB approx)
[2020.09.06-00.54.37:278][  0]LogMemory: Platform Memory Stats for Windows
[2020.09.06-00.54.37:278][  0]LogMemory: Process Physical Memory: 112.61 MB used, 112.62 MB peak
[2020.09.06-00.54.37:278][  0]LogMemory: Process Virtual Memory: 95.20 MB used, 95.20 MB peak
[2020.09.06-00.54.37:278][  0]LogMemory: Physical Memory: 7658.27 MB used,  8665.37 MB free, 16323.64 MB total
[2020.09.06-00.54.37:278][  0]LogMemory: Virtual Memory: 5126.73 MB used,  134212600.00 MB free, 134217728.00 MB total
[2020.09.06-00.54.37:284][  0]LogWindows: WindowsPlatformFeatures enabled
[2020.09.06-00.54.37:311][  0]LogInit: Physics initialised using underlying interface: PhysX
[2020.09.06-00.54.37:312][  0]LogInit: Using OS detected language (en-US).
[2020.09.06-00.54.37:312][  0]LogInit: Using OS detected locale (en-US).
[2020.09.06-00.54.37:316][  0]LogTextLocalizationManager: No specific localization for 'en-US' exists, so the 'en' localization will be used.
[2020.09.06-00.54.37:521][  0]LogInit: Setting process to per monitor DPI aware
[2020.09.06-00.54.37:563][  0]LogSlate: New Slate User Created.  User Index 0, Is Virtual User: 0
[2020.09.06-00.54.37:563][  0]LogSlate: Slate User Registered.  User Index 0, Is Virtual User: 0
[2020.09.06-00.54.37:710][  0]LogHMD: Failed to initialize OpenVR with code 110
[2020.09.06-00.54.37:710][  0]LogD3D11RHI: D3D11 min allowed feature level: 11_0
[2020.09.06-00.54.37:710][  0]LogD3D11RHI: D3D11 max allowed feature level: 11_0
[2020.09.06-00.54.37:710][  0]LogD3D11RHI: D3D11 adapters:
[2020.09.06-00.54.37:776][  0]LogD3D11RHI:    0. 'NVIDIA GeForce GTX 670' (Feature Level 11_0)
[2020.09.06-00.54.37:776][  0]LogD3D11RHI:       4052/0/8161 MB DedicatedVideo/DedicatedSystem/SharedSystem, Outputs:2, VendorId:0x10de
[2020.09.06-00.54.37:778][  0]LogD3D11RHI:    1. 'Microsoft Basic Render Driver' (Feature Level 11_0)
[2020.09.06-00.54.37:778][  0]LogD3D11RHI:       0/0/8161 MB DedicatedVideo/DedicatedSystem/SharedSystem, Outputs:0, VendorId:0x1414
[2020.09.06-00.54.37:778][  0]LogD3D11RHI: Chosen D3D11 Adapter: 0
[2020.09.06-00.54.37:784][  0]LogD3D11RHI: Creating new Direct3DDevice
[2020.09.06-00.54.37:784][  0]LogD3D11RHI:     GPU DeviceId: 0x1189 (for the marketing name, search the web for "GPU Device Id")
[2020.09.06-00.54.37:784][  0]LogWindows: EnumDisplayDevices:
[2020.09.06-00.54.37:784][  0]LogWindows:    0. 'NVIDIA GeForce GTX 670' (P:1 D:1)
[2020.09.06-00.54.37:785][  0]LogWindows:    1. 'NVIDIA GeForce GTX 670' (P:0 D:1)
[2020.09.06-00.54.37:785][  0]LogWindows:    2. 'NVIDIA GeForce GTX 670' (P:0 D:0)
[2020.09.06-00.54.37:785][  0]LogWindows:    3. 'NVIDIA GeForce GTX 670' (P:0 D:0)
[2020.09.06-00.54.37:785][  0]LogWindows: DebugString: FoundDriverCount:4 
[2020.09.06-00.54.37:785][  0]LogD3D11RHI:     Adapter Name: NVIDIA GeForce GTX 670
[2020.09.06-00.54.37:785][  0]LogD3D11RHI:   Driver Version: 432.00 (internal:26.21.14.3200, unified:432.00)
[2020.09.06-00.54.37:785][  0]LogD3D11RHI:      Driver Date: 7-24-2019
[2020.09.06-00.54.37:785][  0]LogRHI: Texture pool is 2836 MB (70% of 4052 MB)
[2020.09.06-00.54.37:832][  0]LogD3D11RHI: RHI does not have support for 64 bit atomics
[2020.09.06-00.54.37:833][  0]LogD3D11RHI: [Aftermath] Enabled and primed
[2020.09.06-00.54.37:834][  0]LogD3D11RHI: Async texture creation enabled
[2020.09.06-00.54.37:854][  0]LogD3D11RHI: GPU Timing Frequency: 1000.000000 (Debug: 2 1)
[2020.09.06-00.54.38:136][  0]LogTargetPlatformManager: Display: Loaded TargetPlatform 'AllDesktop'
[2020.09.06-00.54.38:161][  0]LogTargetPlatformManager: Display: Loaded TargetPlatform 'Android'
[2020.09.06-00.54.38:161][  0]LogTargetPlatformManager: Display: Loaded TargetPlatform 'Android_ASTC'
[2020.09.06-00.54.38:161][  0]LogTargetPlatformManager: Display: Loaded TargetPlatform 'Android_DXT'
[2020.09.06-00.54.38:161][  0]LogTargetPlatformManager: Display: Loaded TargetPlatform 'Android_ETC2'
[2020.09.06-00.54.38:161][  0]LogTargetPlatformManager: Display: Loaded TargetPlatform 'AndroidClient'
[2020.09.06-00.54.38:161][  0]LogTargetPlatformManager: Display: Loaded TargetPlatform 'Android_ASTCClient'
[2020.09.06-00.54.38:161][  0]LogTargetPlatformManager: Display: Loaded TargetPlatform 'Android_DXTClient'
[2020.09.06-00.54.38:161][  0]LogTargetPlatformManager: Display: Loaded TargetPlatform 'Android_ETC2Client'
[2020.09.06-00.54.38:161][  0]LogTargetPlatformManager: Display: Loaded TargetPlatform 'Android_Multi'
[2020.09.06-00.54.38:161][  0]LogTargetPlatformManager: Display: Loaded TargetPlatform 'Android_MultiClient'
[2020.09.06-00.54.38:186][  0]LogTargetPlatformManager: Display: Loaded TargetPlatform 'IOSClient'
[2020.09.06-00.54.38:186][  0]LogTargetPlatformManager: Display: Loaded TargetPlatform 'IOS'
[2020.09.06-00.54.38:197][  0]LogTargetPlatformManager: Display: Loaded TargetPlatform 'Linux'
[2020.09.06-00.54.38:207][  0]LogTargetPlatformManager: Display: Loaded TargetPlatform 'LinuxNoEditor'
[2020.09.06-00.54.38:216][  0]LogTargetPlatformManager: Display: Loaded TargetPlatform 'LinuxClient'
[2020.09.06-00.54.38:226][  0]LogTargetPlatformManager: Display: Loaded TargetPlatform 'LinuxServer'
[2020.09.06-00.54.38:235][  0]LogTargetPlatformManager: Display: Loaded TargetPlatform 'LinuxAArch64NoEditor'
[2020.09.06-00.54.38:245][  0]LogTargetPlatformManager: Display: Loaded TargetPlatform 'LinuxAArch64Client'
[2020.09.06-00.54.38:254][  0]LogTargetPlatformManager: Display: Loaded TargetPlatform 'LinuxAArch64Server'
[2020.09.06-00.54.38:282][  0]LogTargetPlatformManager: Display: Loaded TargetPlatform 'Lumin'
[2020.09.06-00.54.38:282][  0]LogTargetPlatformManager: Display: Loaded TargetPlatform 'LuminClient'
[2020.09.06-00.54.38:298][  0]LogTargetPlatformManager: Display: Loaded TargetPlatform 'TVOSClient'
[2020.09.06-00.54.38:298][  0]LogTargetPlatformManager: Display: Loaded TargetPlatform 'TVOS'
[2020.09.06-00.54.38:308][  0]LogTargetPlatformManager: Display: Loaded TargetPlatform 'WindowsNoEditor'
[2020.09.06-00.54.38:318][  0]LogTargetPlatformManager: Display: Loaded TargetPlatform 'Windows'
[2020.09.06-00.54.38:329][  0]LogTargetPlatformManager: Display: Loaded TargetPlatform 'WindowsClient'
[2020.09.06-00.54.38:339][  0]LogTargetPlatformManager: Display: Loaded TargetPlatform 'WindowsServer'
[2020.09.06-00.54.38:339][  0]LogTargetPlatformManager: Display: Building Assets For Windows
[2020.09.06-00.54.38:346][  0]LogAudioDebug: Display: Lib vorbis DLL was dynamically loaded.
[2020.09.06-00.54.38:405][  0]LogShaderCompilers: Guid format shader working directory is -50 characters bigger than the processId version (../../../../../../Users/Brayden/Documents/UnrealG/Platformer/Platformer/PlatFormer game/Platformer/Intermediate/Shaders/WorkingDirectory/1196/).
[2020.09.06-00.54.38:405][  0]LogShaderCompilers: Cleaned the shader compiler working directory 'C:/Users/Brayden/AppData/Local/Temp/UnrealShaderWorkingDir/E8E9BED64919BB246546C78016A4119C/'.
[2020.09.06-00.54.38:406][  0]LogXGEController: Cannot use XGE Controller as Incredibuild is not installed on this machine.
[2020.09.06-00.54.38:406][  0]LogShaderCompilers: Cannot use XGE Shader Compiler as Incredibuild is not installed on this machine.
[2020.09.06-00.54.38:406][  0]LogShaderCompilers: Display: Using Local Shader Compiler.
[2020.09.06-00.54.39:240][  0]LogDerivedDataCache: Display: Max Cache Size: 512 MB
[2020.09.06-00.54.39:295][  0]LogDerivedDataCache: Loaded boot cache 0.05s 75MB C:/Users/Brayden/AppData/Local/UnrealEngine/4.25/DerivedDataCache/Boot.ddc.
[2020.09.06-00.54.39:295][  0]LogDerivedDataCache: Display: Loaded Boot cache: C:/Users/Brayden/AppData/Local/UnrealEngine/4.25/DerivedDataCache/Boot.ddc
[2020.09.06-00.54.39:295][  0]LogDerivedDataCache: FDerivedDataBackendGraph:  Pak pak cache file ../../../../../../Users/Brayden/Documents/UnrealG/Platformer/Platformer/PlatFormer game/Platformer/DerivedDataCache/DDC.ddp not found, will not use a pak cache.
[2020.09.06-00.54.39:295][  0]LogDerivedDataCache: Unable to find inner node Pak for hierarchical cache Hierarchy.
[2020.09.06-00.54.39:295][  0]LogDerivedDataCache: FDerivedDataBackendGraph:  CompressedPak pak cache file ../../../../../../Users/Brayden/Documents/UnrealG/Platformer/Platformer/PlatFormer game/Platformer/DerivedDataCache/Compressed.ddp not found, will not use a pak cache.
[2020.09.06-00.54.39:295][  0]LogDerivedDataCache: Unable to find inner node CompressedPak for hierarchical cache Hierarchy.
[2020.09.06-00.54.39:307][  0]LogDerivedDataCache: Display: Pak cache opened for reading ../../../Engine/DerivedDataCache/Compressed.ddp.
[2020.09.06-00.54.39:307][  0]LogDerivedDataCache: FDerivedDataBackendGraph:  EnterprisePak pak cache file ../../../Enterprise/DerivedDataCache/Compressed.ddp not found, will not use a pak cache.
[2020.09.06-00.54.39:307][  0]LogDerivedDataCache: Unable to find inner node EnterprisePak for hierarchical cache Hierarchy.
[2020.09.06-00.54.39:308][  0]LogDerivedDataCache: Using Local data cache path C:/Users/Brayden/AppData/Local/UnrealEngine/Common/DerivedDataCache: Writable
[2020.09.06-00.54.39:308][  0]LogDerivedDataCache: Shared data cache path not found in *engine.ini, will not use an Shared cache.
[2020.09.06-00.54.39:308][  0]LogDerivedDataCache: Unable to find inner node Shared for hierarchical cache Hierarchy.
[2020.09.06-00.54.39:366][  0]LogSlate: Using FreeType 2.10.0
[2020.09.06-00.54.39:366][  0]LogSlate: SlateFontServices - WITH_FREETYPE: 1, WITH_HARFBUZZ: 1
[2020.09.06-00.54.39:395][  0]LogAssetRegistry: FAssetRegistry took 0.0028 seconds to start up
[2020.09.06-00.54.39:646][  0]LogInit: Selected Device Profile: [Windows]
[2020.09.06-00.54.39:769][  0]LogMeshReduction: Using QuadricMeshReduction for automatic static mesh reduction
[2020.09.06-00.54.39:769][  0]LogMeshReduction: Using SimplygonMeshReduction for automatic skeletal mesh reduction
[2020.09.06-00.54.39:769][  0]LogMeshReduction: Using ProxyLODMeshReduction for automatic mesh merging
[2020.09.06-00.54.39:769][  0]LogMeshReduction: No distributed automatic mesh merging module available
[2020.09.06-00.54.39:769][  0]LogMeshMerging: No distributed automatic mesh merging module available
[2020.09.06-00.54.39:791][  0]LogNetVersion: Platformer 1.0.0, NetCL: 13144385, EngineNetVer: 14, GameNetVer: 0 (Checksum: 1653665934)
[2020.09.06-00.54.40:260][  0]LogAISub: UAISubsystem::UAISubsystem AISubsystem (000002AA24F58380), frame # 0
[2020.09.06-00.54.40:260][  0]LogAISub: UAISubsystem::UAISubsystem AIPerceptionSystem (000002AA24EC8A40), frame # 0
[2020.09.06-00.54.40:262][  0]LogAISub: UAISubsystem::UAISubsystem EnvQueryManager (000002AA24F04A00), frame # 0
[2020.09.06-00.54.40:324][  0]LogPackageLocalizationCache: Processed 19 localized package path(s) for 1 prioritized culture(s) in 0.056311 seconds
[2020.09.06-00.54.40:330][  0]LogUObjectArray: 15917 objects as part of root set at end of initial load.
[2020.09.06-00.54.40:330][  0]LogUObjectAllocator: 3965568 out of 0 bytes used by permanent object pool.
[2020.09.06-00.54.40:330][  0]LogUObjectArray: CloseDisregardForGC: 0/0 objects in disregard for GC pool
[2020.09.06-00.54.40:666][  0]LogTcpMessaging: Initializing TcpMessaging bridge
[2020.09.06-00.54.40:671][  0]LogUdpMessaging: Initializing bridge on interface 0.0.0.0:0 to multicast group 230.0.0.1:6666.
[2020.09.06-00.54.40:748][  0]SourceControl: Source control is disabled
[2020.09.06-00.54.40:748][  0]SourceControl: Source control is disabled
[2020.09.06-00.54.40:751][  0]SourceControl: Source control is disabled
[2020.09.06-00.54.40:754][  0]SourceControl: Source control is disabled
[2020.09.06-00.54.40:761][  0]SourceControl: Source control is disabled
[2020.09.06-00.54.40:998][  0]LogAndroidPermission: UAndroidPermissionCallbackProxy::GetInstance
[2020.09.06-00.54.41:017][  0]LogAudioCaptureCore: Display: No Audio Capture implementations found. Audio input will be silent.
[2020.09.06-00.54.41:017][  0]LogAudioCaptureCore: Display: No Audio Capture implementations found. Audio input will be silent.
[2020.09.06-00.54.41:068][  0]LogOcInput: OculusInput pre-init called
[2020.09.06-00.54.41:078][  0]LogWindows: Failed to load 'OVRPlugin.dll' (GetLastError=126)
[2020.09.06-00.54.41:078][  0]LogWindows: File 'OVRPlugin.dll' does not exist
[2020.09.06-00.54.41:142][  0]LogEngine: Initializing Engine...
[2020.09.06-00.54.41:144][  0]LogHMD: Failed to initialize OpenVR with code 110
[2020.09.06-00.54.41:144][  0]LogMagicLeap: Warning: VR disabled because ZI is not enabled.  To enable, in the editor, Edit -> Project Settings -> Plugins -> Magic Leap Plugin -> Enable Zero Iteration
[2020.09.06-00.54.41:145][  0]LogStats: UGameplayTagsManager::InitializeManager -  0.000 s
[2020.09.06-00.54.41:303][  0]LogInit: Initializing FReadOnlyCVARCache
[2020.09.06-00.54.41:310][  0]LogAIModule: Creating AISystem for world Untitled
[2020.09.06-00.54.41:310][  0]LogAISub: UAISubsystem::UAISubsystem EnvQueryManager (000002AA28D8FC00), frame # 0
[2020.09.06-00.54.41:310][  0]LogAISub: UAISubsystem::UAISubsystem AIPerceptionSystem (000002AA28DDE0C0), frame # 0
[2020.09.06-00.54.41:314][  0]LogAudioMixer: Display: Audio Mixer Platform Settings:
[2020.09.06-00.54.41:314][  0]LogAudioMixer: Display: 	Sample Rate:						  48000
[2020.09.06-00.54.41:314][  0]LogAudioMixer: Display: 	Callback Buffer Frame Size Requested: 1024
[2020.09.06-00.54.41:314][  0]LogAudioMixer: Display: 	Callback Buffer Frame Size To Use:	  1024
[2020.09.06-00.54.41:314][  0]LogAudioMixer: Display: 	Number of buffers to queue:			  2
[2020.09.06-00.54.41:314][  0]LogAudioMixer: Display: 	Max Channels (voices):				  32
[2020.09.06-00.54.41:314][  0]LogAudioMixer: Display: 	Number of Async Source Workers:		  0
[2020.09.06-00.54.41:314][  0]LogAudio: Display: AudioDevice MaxSources: 32
[2020.09.06-00.54.41:314][  0]LogAudio: Display: Using built-in audio occlusion.
[2020.09.06-00.54.41:314][  0]LogAudioMixer: Display: Initializing audio mixer.
[2020.09.06-00.54.41:328][  0]LogAudioMixer: Display: 0: FrontLeft
[2020.09.06-00.54.41:328][  0]LogAudioMixer: Display: 1: FrontRight
[2020.09.06-00.54.41:372][  0]LogAudioMixer: Display: Using Audio Device Speakers / Headphones (Realtek High Definition Audio)
[2020.09.06-00.54.41:372][  0]LogAudioMixer: Display: Initializing Sound Submixes...
[2020.09.06-00.54.41:374][  0]LogAudioMixer: Display: Creating Master Submix 'MasterSubmixDefault'
[2020.09.06-00.54.41:374][  0]LogAudioMixer: Display: Creating Master Submix 'MasterReverbSubmixDefault'
[2020.09.06-00.54.41:375][  0]LogAudioMixer: Display: Creating Master Submix 'MasterEQSubmixDefault'
[2020.09.06-00.54.41:376][  0]LogInit: FAudioDevice initialized.
[2020.09.06-00.54.41:376][  0]LogNetVersion: Set ProjectVersion to 1.0.0.0. Version Checksum will be recalculated on next use.
[2020.09.06-00.54.41:456][  0]LogDerivedDataCache: Saved boot cache 0.08s 75MB C:/Users/Brayden/AppData/Local/UnrealEngine/4.25/DerivedDataCache/Boot.ddc.
[2020.09.06-00.54.41:461][  0]LogInit: Texture streaming: Enabled
[2020.09.06-00.54.41:475][  0]LogEngineSessionManager: EngineSessionManager initialized
[2020.09.06-00.54.41:475][  0]LogEditorSessionSummary: Verbose: Initializing EditorSessionSummaryWriter for editor session tracking
[2020.09.06-00.54.41:476][  0]LogEditorSessionSummary: EditorSessionSummaryWriter initialized
[2020.09.06-00.54.41:525][  0]LogInit: Transaction tracking system initialized
[2020.09.06-00.54.41:545][  0]BlueprintLog: New page: Editor Load
[2020.09.06-00.54.41:611][  0]LocalizationService: Localization service is disabled
[2020.09.06-00.54.41:771][  0]LogCook: Display: Max memory allowance for cook 16384mb min free memory 0mb
[2020.09.06-00.54.41:771][  0]LogFileCache: Scanning file cache for directory 'C:/Users/Brayden/Documents/UnrealG/Platformer/Platformer/PlatFormer game/Platformer/Content/' took 0.00s
[2020.09.06-00.54.41:771][  0]LogCook: Display: Mobile HDR setting 1
[2020.09.06-00.54.42:154][  0]SourceControl: Source control is disabled
[2020.09.06-00.54.42:154][  0]LogUnrealEdMisc: Loading editor; pre map load, took 6.242
[2020.09.06-00.54.42:154][  0]Cmd: MAP LOAD FILE="../../../Engine/Content/Maps/Templates/Template_Default.umap" TEMPLATE=1 SHOWPROGRESS=1 FEATURELEVEL=3
[2020.09.06-00.54.42:155][  0]LightingResults: New page: Lighting Build
[2020.09.06-00.54.42:155][  0]LogWorld: UWorld::CleanupWorld for Untitled, bSessionEnded=true, bCleanupResources=true
[2020.09.06-00.54.42:155][  0]LogSlate: InvalidateAllWidgets triggered.  All widgets were invalidated
[2020.09.06-00.54.42:156][  0]MapCheck: New page: Map Check
[2020.09.06-00.54.42:156][  0]LightingResults: New page: Lighting Build
[2020.09.06-00.54.42:164][  0]LogAISub: UAISubsystem::~UAISubsystem EnvQueryManager (000002AA28D8FC00), frame # 0
[2020.09.06-00.54.42:164][  0]LogAISub: UAISubsystem::~UAISubsystem AIPerceptionSystem (000002AA28DDE0C0), frame # 0
[2020.09.06-00.54.42:164][  0]LogUObjectHash: Compacting FUObjectHashTables data took   0.76ms
[2020.09.06-00.54.42:236][  0]LogAIModule: Creating AISystem for world Untitled_1
[2020.09.06-00.54.42:236][  0]LogAISub: UAISubsystem::UAISubsystem EnvQueryManager (000002AA17CD7000), frame # 0
[2020.09.06-00.54.42:236][  0]LogAISub: UAISubsystem::UAISubsystem AIPerceptionSystem (000002AA17FC2200), frame # 0
[2020.09.06-00.54.42:240][  0]LogEditorServer: Finished looking for orphan Actors (0.000 secs)
[2020.09.06-00.54.42:250][  0]LogUObjectHash: Compacting FUObjectHashTables data took   0.95ms
[2020.09.06-00.54.42:250][  0]Cmd: MAP CHECKDEP NOCLEARLOG
[2020.09.06-00.54.42:251][  0]MapCheck: Map check complete: 0 Error(s), 0 Warning(s), took 0.177ms to complete.
[2020.09.06-00.54.42:251][  0]LogFileHelpers: Loading map 'Template_Default' took 0.096
[2020.09.06-00.54.42:252][  0]LogUnrealEdMisc: Total Editor Startup Time, took 6.340
[2020.09.06-00.54.42:395][  0]LogSlate: Updating window title bar state: overlay mode, drag disabled, window buttons hidden, title bar hidden
[2020.09.06-00.54.42:404][  0]LogSlate: Updating window title bar state: overlay mode, drag disabled, window buttons hidden, title bar hidden
[2020.09.06-00.54.42:412][  0]LogSlate: Updating window title bar state: overlay mode, drag disabled, window buttons hidden, title bar hidden
[2020.09.06-00.54.42:421][  0]LogSlate: Updating window title bar state: overlay mode, drag disabled, window buttons hidden, title bar hidden
[2020.09.06-00.54.42:427][  0]LogCollectionManager: Loaded 0 collections in 0.000837 seconds
[2020.09.06-00.54.42:450][  0]LogFileCache: Scanning file cache for directory 'C:/Users/Brayden/Documents/UnrealG/Platformer/Platformer/PlatFormer game/Platformer/Saved/Collections/' took 0.00s
[2020.09.06-00.54.42:450][  0]LogFileCache: Scanning file cache for directory 'C:/Users/Brayden/Documents/UnrealG/Platformer/Platformer/PlatFormer game/Platformer/Content/Developers/Brayden/Collections/' took 0.00s
[2020.09.06-00.54.42:450][  0]LogFileCache: Scanning file cache for directory 'C:/Users/Brayden/Documents/UnrealG/Platformer/Platformer/PlatFormer game/Platformer/Content/Collections/' took 0.00s
[2020.09.06-00.54.42:450][  0]LogContentBrowser: Native class hierarchy populated in 0.0170 seconds. Added 3427 classes and 821 folders.
[2020.09.06-00.54.42:452][  0]LogContentBrowser: Native class hierarchy updated for 'WidgetCarousel' in 0.0003 seconds. Added 0 classes and 0 folders.
[2020.09.06-00.54.42:499][  0]LogContentBrowser: Native class hierarchy updated for 'AddContentDialog' in 0.0004 seconds. Added 0 classes and 0 folders.
[2020.09.06-00.54.42:500][  0]LogContentBrowser: Native class hierarchy updated for 'SceneOutliner' in 0.0002 seconds. Added 2 classes and 0 folders.
[2020.09.06-00.54.42:529][  0]LogContentBrowser: Native class hierarchy updated for 'HierarchicalLODOutliner' in 0.0003 seconds. Added 0 classes and 0 folders.
[2020.09.06-00.54.42:529][  0]LogLoad: (Engine Initialization) Total time: 6.62 seconds
[2020.09.06-00.54.42:529][  0]LogLoad: (Engine Initialization) Total Blueprint compile time: 0.00 seconds
[2020.09.06-00.54.42:570][  0]LogAssetRegistry: Asset discovery search completed in 3.1767 seconds
[2020.09.06-00.54.42:575][  0]LogCollectionManager: Fixed up redirectors for 0 collections in 0.000003 seconds (updated 0 objects)
[2020.09.06-00.54.42:576][  0]LogContentStreaming: Texture pool size now 1000 MB
[2020.09.06-00.54.42:582][  0]LogSlate: Took 0.000163 seconds to synchronously load lazily loaded font '../../../Engine/Content/Slate/Fonts/Roboto-Regular.ttf' (155K)
[2020.09.06-00.54.42:584][  0]LogSlate: Took 0.000117 seconds to synchronously load lazily loaded font '../../../Engine/Content/Slate/Fonts/Roboto-Bold.ttf' (160K)
[2020.09.06-00.54.42:588][  0]LogSlate: Took 0.000182 seconds to synchronously load lazily loaded font '../../../Engine/Content/Editor/Slate/Fonts/FontAwesome.ttf' (139K)
[2020.09.06-00.54.42:675][  2]LogRenderer: Reallocating scene render targets to support 672x360 Format 10 NumSamples 1 (Frame:1).
[2020.09.06-00.54.45:040][168]LogRenderer: Reallocating scene render targets to support 672x560 Format 10 NumSamples 1 (Frame:169).
[2020.09.06-00.55.07:398][669]LogSlate: Took 0.000172 seconds to synchronously load lazily loaded font '../../../Engine/Content/Slate/Fonts/Roboto-Light.ttf' (167K)
[2020.09.06-00.55.10:134][669]LogSlate: Window 'Pick Parent Class' being destroyed
[2020.09.06-00.55.10:173][669]LogSlate: Took 0.000174 seconds to synchronously load lazily loaded font '../../../Engine/Content/Slate/Fonts/Roboto-Light.ttf' (167K)
[2020.09.06-00.55.44:008][955]LogUObjectHash: Compacting FUObjectHashTables data took   0.67ms
[2020.09.06-00.55.44:028][955]Cmd: OBJ SAVEPACKAGE PACKAGE="/Game/BpGameMode" FILE="../../../../../../Users/Brayden/Documents/UnrealG/Platformer/Platformer/PlatFormer game/Platformer/Content/BpGameMode.uasset" SILENT=true
[2020.09.06-00.55.44:042][955]LogSavePackage: Moving '../../../../../../Users/Brayden/Documents/UnrealG/Platformer/Platformer/PlatFormer game/Platformer/Saved/BpGameMode0CD364D24C933D4A8369469203653C66.tmp' to '../../../../../../Users/Brayden/Documents/UnrealG/Platformer/Platformer/PlatFormer game/Platformer/Content/BpGameMode.uasset'
[2020.09.06-00.55.44:058][955]AssetCheck: New page: Asset Save: BpGameMode
[2020.09.06-00.55.44:058][955]LogContentValidation: Display: Validating Blueprint /Game/BpGameMode.BpGameMode
[2020.09.06-01.01.38:675][677]LogSlate: Window 'Project Settings' being destroyed
[2020.09.06-01.01.38:680][677]LogSlate: Window 'Project Settings' being destroyed
[2020.09.06-01.01.43:256][181]LogUObjectHash: Compacting FUObjectHashTables data took   0.76ms
[2020.09.06-01.07.43:491][733]LogSlate: Window 'Save Level As' being destroyed
[2020.09.06-01.07.43:537][733]LogUObjectHash: Compacting FUObjectHashTables data took   0.80ms
[2020.09.06-01.07.43:556][733]LogSavePackage: Moving '../../../../../../Users/Brayden/Documents/UnrealG/Platformer/Platformer/PlatFormer game/Platformer/Saved/MyLevelBA512F8C4DFAB0D93F9650BD68687084.tmp' to '../../../../../../Users/Brayden/Documents/UnrealG/Platformer/Platformer/PlatFormer game/Platformer/Content/MyLevel.umap'
[2020.09.06-01.07.43:607][733]LogSavePackage: Moving '../../../../../../Users/Brayden/Documents/UnrealG/Platformer/Platformer/PlatFormer game/Platformer/Saved/MyLevel_BuiltDataCE098260453160876D69A2BD444B436C.tmp' to '../../../../../../Users/Brayden/Documents/UnrealG/Platformer/Platformer/PlatFormer game/Platformer/Content/MyLevel_BuiltData.uasset'
[2020.09.06-01.07.43:616][733]LogFileHelpers: Saving map 'MyLevel' took 0.121
[2020.09.06-01.07.43:617][733]Cmd: MAP LOAD FILE="../../../../../../Users/Brayden/Documents/UnrealG/Platformer/Platformer/PlatFormer game/Platformer/Content/MyLevel.umap" TEMPLATE=0 SHOWPROGRESS=1 FEATURELEVEL=3
[2020.09.06-01.07.43:638][733]LightingResults: New page: Lighting Build
[2020.09.06-01.07.43:638][733]LoadErrors: New page: Loading map: MyLevel.umap
[2020.09.06-01.07.43:639][733]LogWorld: UWorld::CleanupWorld for MyLevel, bSessionEnded=true, bCleanupResources=true
[2020.09.06-01.07.43:639][733]LogSlate: InvalidateAllWidgets triggered.  All widgets were invalidated
[2020.09.06-01.07.43:639][733]MapCheck: New page: Map Check
[2020.09.06-01.07.43:639][733]LightingResults: New page: Lighting Build
[2020.09.06-01.07.43:649][733]LogAISub: UAISubsystem::~UAISubsystem EnvQueryManager (000002AA17CD7000), frame # 33733
[2020.09.06-01.07.43:649][733]LogAISub: UAISubsystem::~UAISubsystem AIPerceptionSystem (000002AA17FC2200), frame # 33733
[2020.09.06-01.07.43:649][733]LogUObjectHash: Compacting FUObjectHashTables data took   0.73ms
[2020.09.06-01.07.43:657][733]LogAIModule: Creating AISystem for world MyLevel
[2020.09.06-01.07.43:657][733]LogAISub: UAISubsystem::UAISubsystem EnvQueryManager (000002AA28E48E00), frame # 33733
[2020.09.06-01.07.43:657][733]LogAISub: UAISubsystem::UAISubsystem AIPerceptionSystem (000002AA28ADF240), frame # 33733
[2020.09.06-01.07.43:660][733]LogEditorServer: Finished looking for orphan Actors (0.000 secs)
[2020.09.06-01.07.43:670][733]LogUObjectHash: Compacting FUObjectHashTables data took   0.66ms
[2020.09.06-01.07.43:713][733]Cmd: MAP CHECKDEP NOCLEARLOG
[2020.09.06-01.07.43:713][733]MapCheck: Map check complete: 0 Error(s), 0 Warning(s), took 0.12ms to complete.
[2020.09.06-01.07.43:713][733]LogFileHelpers: Loading map 'MyLevel' took 0.096
[2020.09.06-01.07.43:721][733]AssetCheck: New page: Asset Save: multiple assets
[2020.09.06-01.07.43:721][733]LogContentValidation: Display: Validating World /Game/MyLevel.MyLevel
[2020.09.06-01.07.43:721][733]LogContentValidation: Display: Validating MapBuildDataRegistry /Game/MyLevel_BuiltData.MyLevel_BuiltData
[2020.09.06-01.14.13:945][855]LogSlate: Window 'Pick Parent Class' being destroyed
[2020.09.06-01.14.47:059][791]LogAssetEditorSubsystem: Opening Asset editor for Blueprint /Game/BpMyCharacter.BpMyCharacter
[2020.09.06-01.14.47:239][791]LogContentBrowser: Native class hierarchy updated for 'BlueprintGraph' in 0.0006 seconds. Added 125 classes and 0 folders.
[2020.09.06-01.14.51:267][816]LogSlate: Took 0.000197 seconds to synchronously load lazily loaded font '../../../Engine/Content/Slate/Fonts/Roboto-Italic.ttf' (157K)
[2020.09.06-01.15.28:806][ 47]BlueprintLog: New page: Compile BpMyCharacter
[2020.09.06-01.15.28:855][ 47]LogUObjectHash: Compacting FUObjectHashTables data took   2.52ms
[2020.09.06-01.15.28:893][ 47]LogSlate: Took 0.000190 seconds to synchronously load lazily loaded font '../../../Engine/Content/Slate/Fonts/DroidSansMono.ttf' (77K)
[2020.09.06-01.15.30:622][233]Cmd: OBJ SAVEPACKAGE PACKAGE="/Game/BpMyCharacter" FILE="../../../../../../Users/Brayden/Documents/UnrealG/Platformer/Platformer/PlatFormer game/Platformer/Content/BpMyCharacter.uasset" SILENT=true
[2020.09.06-01.15.30:641][233]LogSavePackage: Moving '../../../../../../Users/Brayden/Documents/UnrealG/Platformer/Platformer/PlatFormer game/Platformer/Saved/BpMyCharacter43BF2A8F48E58140E55F3C974868AFED.tmp' to '../../../../../../Users/Brayden/Documents/UnrealG/Platformer/Platformer/PlatFormer game/Platformer/Content/BpMyCharacter.uasset'
[2020.09.06-01.15.30:654][233]AssetCheck: New page: Asset Save: BpMyCharacter
[2020.09.06-01.15.30:655][233]LogContentValidation: Display: Validating Blueprint /Game/BpMyCharacter.BpMyCharacter
[2020.09.06-01.15.33:170][504]LogSlate: Window 'BpMyCharacter' being destroyed
[2020.09.06-01.15.33:173][504]LogSlate: Window 'BpMyCharacter' being destroyed
[2020.09.06-01.15.33:195][504]LogWorld: UWorld::CleanupWorld for World_1, bSessionEnded=true, bCleanupResources=true
[2020.09.06-01.15.33:196][504]LogSlate: InvalidateAllWidgets triggered.  All widgets were invalidated
[2020.09.06-01.15.51:256][644]LogAssetEditorSubsystem: Opening Asset editor for Blueprint /Game/BpGameMode.BpGameMode
[2020.09.06-01.16.10:644][665]LogSlate: Window 'BpGameMode' being destroyed
[2020.09.06-01.16.10:648][665]LogSlate: Window 'BpGameMode' being destroyed
[2020.09.06-01.16.10:665][665]LogWorld: UWorld::CleanupWorld for World_4, bSessionEnded=true, bCleanupResources=true
[2020.09.06-01.16.10:665][665]LogSlate: InvalidateAllWidgets triggered.  All widgets were invalidated
[2020.09.06-01.16.24:173][939]LogAssetEditorSubsystem: Opening Asset editor for Blueprint /Game/BpGameMode.BpGameMode
[2020.09.06-01.16.28:446][395]LogSlate: Prevented a slow task dialog from being summoned while a context menu was open
[2020.09.06-01.16.38:877][592]BlueprintLog: New page: Compile BpGameMode
[2020.09.06-01.16.38:917][592]LogUObjectHash: Compacting FUObjectHashTables data took   2.72ms
[2020.09.06-01.16.40:021][717]Cmd: OBJ SAVEPACKAGE PACKAGE="/Game/BpGameMode" FILE="../../../../../../Users/Brayden/Documents/UnrealG/Platformer/Platformer/PlatFormer game/Platformer/Content/BpGameMode.uasset" SILENT=true
[2020.09.06-01.16.40:042][717]LogSavePackage: Moving '../../../../../../Users/Brayden/Documents/UnrealG/Platformer/Platformer/PlatFormer game/Platformer/Saved/BpGameModeFCDF49FE4B71C783D04FC8A45DB81A09.tmp' to '../../../../../../Users/Brayden/Documents/UnrealG/Platformer/Platformer/PlatFormer game/Platformer/Content/BpGameMode.uasset'
[2020.09.06-01.16.40:053][717]AssetCheck: New page: Asset Save: BpGameMode
[2020.09.06-01.16.40:053][717]LogContentValidation: Display: Validating Blueprint /Game/BpGameMode.BpGameMode
[2020.09.06-01.16.42:007][942]LogSlate: Window 'BpGameMode' being destroyed
[2020.09.06-01.16.42:010][942]LogSlate: Window 'BpGameMode' being destroyed
[2020.09.06-01.16.42:011][942]LogWorld: UWorld::CleanupWorld for World_5, bSessionEnded=true, bCleanupResources=true
[2020.09.06-01.16.42:011][942]LogSlate: InvalidateAllWidgets triggered.  All widgets were invalidated
[2020.09.06-01.17.00:408][ 55]LogSlate: Prevented a slow task dialog from being summoned while a context menu was open
[2020.09.06-01.17.08:759][ 25]LogSlate: Window 'Project Settings' being destroyed
[2020.09.06-01.17.08:762][ 25]LogSlate: Window 'Project Settings' being destroyed
[2020.09.06-01.17.12:548][454]LogUObjectHash: Compacting FUObjectHashTables data took   2.43ms
[2020.09.06-01.23.30:443][215]LogSlate: Window 'Project Settings' being destroyed
[2020.09.06-01.23.30:447][215]LogSlate: Window 'Project Settings' being destroyed
[2020.09.06-01.23.34:246][627]LogUObjectHash: Compacting FUObjectHashTables data took   2.05ms
[2020.09.06-01.25.20:591][337]LogAssetEditorSubsystem: Opening Asset editor for Blueprint /Game/BpMyCharacter.BpMyCharacter
[2020.09.06-01.25.21:027][337]LogSlate: Took 0.000192 seconds to synchronously load lazily loaded font '../../../Engine/Content/Slate/Fonts/Roboto-BoldCondensed.ttf' (158K)
[2020.09.06-01.27.08:816][ 79]BlueprintLog: New page: Compile BpMyCharacter
[2020.09.06-01.27.08:888][ 79]LogUObjectHash: Compacting FUObjectHashTables data took   2.68ms
[2020.09.06-01.27.09:469][131]Cmd: OBJ SAVEPACKAGE PACKAGE="/Game/BpMyCharacter" FILE="../../../../../../Users/Brayden/Documents/UnrealG/Platformer/Platformer/PlatFormer game/Platformer/Content/BpMyCharacter.uasset" SILENT=true
[2020.09.06-01.27.09:494][131]LogSavePackage: Moving '../../../../../../Users/Brayden/Documents/UnrealG/Platformer/Platformer/PlatFormer game/Platformer/Saved/BpMyCharacter2F6543F94015D1E603E41BAA9BA4D83D.tmp' to '../../../../../../Users/Brayden/Documents/UnrealG/Platformer/Platformer/PlatFormer game/Platformer/Content/BpMyCharacter.uasset'
[2020.09.06-01.27.09:511][131]AssetCheck: New page: Asset Save: BpMyCharacter
[2020.09.06-01.27.09:511][131]LogContentValidation: Display: Validating Blueprint /Game/BpMyCharacter.BpMyCharacter
[2020.09.06-01.27.25:058][700]BlueprintLog: New page: Compile BpMyCharacter
[2020.09.06-01.27.25:129][700]LogUObjectHash: Compacting FUObjectHashTables data took   2.48ms
[2020.09.06-01.27.25:819][762]Cmd: OBJ SAVEPACKAGE PACKAGE="/Game/BpMyCharacter" FILE="../../../../../../Users/Brayden/Documents/UnrealG/Platformer/Platformer/PlatFormer game/Platformer/Content/BpMyCharacter.uasset" SILENT=true
[2020.09.06-01.27.25:839][762]LogSavePackage: Moving '../../../../../../Users/Brayden/Documents/UnrealG/Platformer/Platformer/PlatFormer game/Platformer/Saved/BpMyCharacter984F4E40479AE7DEDE1448A7A09B3A44.tmp' to '../../../../../../Users/Brayden/Documents/UnrealG/Platformer/Platformer/PlatFormer game/Platformer/Content/BpMyCharacter.uasset'
[2020.09.06-01.27.25:850][762]AssetCheck: New page: Asset Save: BpMyCharacter
[2020.09.06-01.27.25:850][762]LogContentValidation: Display: Validating Blueprint /Game/BpMyCharacter.BpMyCharacter
[2020.09.06-01.27.27:408][920]LogSlate: Window 'BpMyCharacter' being destroyed
[2020.09.06-01.27.27:413][920]LogSlate: Window 'BpMyCharacter' being destroyed
[2020.09.06-01.27.27:436][920]LogWorld: UWorld::CleanupWorld for World_6, bSessionEnded=true, bCleanupResources=true
[2020.09.06-01.27.27:436][920]LogSlate: InvalidateAllWidgets triggered.  All widgets were invalidated
[2020.09.06-01.27.29:926][195]LogTemp: Repeating last play command: Selected Viewport
[2020.09.06-01.27.29:943][195]LogPlayLevel: PlayLevel: No blueprints needed recompiling
[2020.09.06-01.27.29:943][195]PIE: New page: PIE session: MyLevel (Sep 5, 2020, 3:27:29 PM)
[2020.09.06-01.27.29:944][195]LogOnline: OSS: Creating online subsystem instance for: NULL
[2020.09.06-01.27.29:945][195]LogOnline: OSS: TryLoadSubsystemAndSetDefault: Loaded subsystem for module [NULL]
[2020.09.06-01.27.29:946][195]LogPlayLevel: Creating play world package: /Game/UEDPIE_0_MyLevel
[2020.09.06-01.27.29:948][195]LogPlayLevel: PIE: StaticDuplicateObject took: (0.002451s)
[2020.09.06-01.27.29:949][195]LogAIModule: Creating AISystem for world MyLevel
[2020.09.06-01.27.29:949][195]LogAISub: UAISubsystem::UAISubsystem EnvQueryManager (000002AA5089AE00), frame # 71195
[2020.09.06-01.27.29:949][195]LogAISub: UAISubsystem::UAISubsystem AIPerceptionSystem (000002AA84F5FB00), frame # 71195
[2020.09.06-01.27.29:949][195]LogPlayLevel: PIE: World Init took: (0.001286s)
[2020.09.06-01.27.29:949][195]LogPlayLevel: PIE: Created PIE world by copying editor world from /Game/MyLevel.MyLevel to /Game/UEDPIE_0_MyLevel.MyLevel (0.003892s)
[2020.09.06-01.27.29:972][195]LogUObjectHash: Compacting FUObjectHashTables data took   2.29ms
[2020.09.06-01.27.29:974][195]LogAudioMixer: Display: Audio Mixer Platform Settings:
[2020.09.06-01.27.29:974][195]LogAudioMixer: Display: 	Sample Rate:						  48000
[2020.09.06-01.27.29:974][195]LogAudioMixer: Display: 	Callback Buffer Frame Size Requested: 1024
[2020.09.06-01.27.29:974][195]LogAudioMixer: Display: 	Callback Buffer Frame Size To Use:	  1024
[2020.09.06-01.27.29:974][195]LogAudioMixer: Display: 	Number of buffers to queue:			  2
[2020.09.06-01.27.29:974][195]LogAudioMixer: Display: 	Max Channels (voices):				  32
[2020.09.06-01.27.29:974][195]LogAudioMixer: Display: 	Number of Async Source Workers:		  0
[2020.09.06-01.27.29:974][195]LogAudio: Display: AudioDevice MaxSources: 32
[2020.09.06-01.27.29:974][195]LogAudio: Display: Using built-in audio occlusion.
[2020.09.06-01.27.29:974][195]LogAudioMixer: Display: Initializing audio mixer.
[2020.09.06-01.27.29:978][195]LogAudioMixer: Display: 0: FrontLeft
[2020.09.06-01.27.29:978][195]LogAudioMixer: Display: 1: FrontRight
[2020.09.06-01.27.30:008][195]LogAudioMixer: Display: Using Audio Device Speakers / Headphones (Realtek High Definition Audio)
[2020.09.06-01.27.30:008][195]LogAudioMixer: Display: Initializing Sound Submixes...
[2020.09.06-01.27.30:008][195]LogAudioMixer: Display: Creating Master Submix 'MasterSubmixDefault'
[2020.09.06-01.27.30:008][195]LogAudioMixer: Display: Creating Master Submix 'MasterReverbSubmixDefault'
[2020.09.06-01.27.30:009][195]LogAudioMixer: Display: Creating Master Submix 'MasterEQSubmixDefault'
[2020.09.06-01.27.30:022][195]LogInit: FAudioDevice initialized.
[2020.09.06-01.27.30:036][195]LogLoad: Game class is 'BpGameMode_C'
[2020.09.06-01.27.30:037][195]LogWorld: Bringing World /Game/UEDPIE_0_MyLevel.MyLevel up for play (max tick rate 0) at 2020.09.05-20.27.30
[2020.09.06-01.27.30:037][195]LogWorld: Bringing up level for play took: 0.000494
[2020.09.06-01.27.30:037][195]LogOnline: OSS: Creating online subsystem instance for: :Context_8
[2020.09.06-01.27.30:042][195]LogContentBrowser: Native class hierarchy updated for 'MovieSceneCapture' in 0.0004 seconds. Added 20 classes and 0 folders.
[2020.09.06-01.27.30:045][195]PIE: Server logged in
[2020.09.06-01.27.30:046][195]PIE: Play in editor total start time 0.103 seconds.
[2020.09.06-01.27.37:634][ 48]LogSlate: Updating window title bar state: overlay mode, drag disabled, window buttons hidden, title bar hidden
[2020.09.06-01.27.37:634][ 48]LogWorld: BeginTearingDown for /Game/UEDPIE_0_MyLevel
[2020.09.06-01.27.37:634][ 48]LogWorld: UWorld::CleanupWorld for MyLevel, bSessionEnded=true, bCleanupResources=true
[2020.09.06-01.27.37:635][ 48]LogSlate: InvalidateAllWidgets triggered.  All widgets were invalidated
[2020.09.06-01.27.37:640][ 48]LogPlayLevel: Display: Shutting down PIE online subsystems
[2020.09.06-01.27.37:644][ 48]LogSlate: InvalidateAllWidgets triggered.  All widgets were invalidated
[2020.09.06-01.27.37:683][ 48]LogSlate: Updating window title bar state: overlay mode, drag disabled, window buttons hidden, title bar hidden
[2020.09.06-01.27.37:702][ 48]LogAISub: UAISubsystem::~UAISubsystem AIPerceptionSystem (000002AA84F5FB00), frame # 72048
[2020.09.06-01.27.37:702][ 48]LogAISub: UAISubsystem::~UAISubsystem EnvQueryManager (000002AA5089AE00), frame # 72048
[2020.09.06-01.27.37:742][ 48]LogUObjectHash: Compacting FUObjectHashTables data took   3.32ms
[2020.09.06-01.27.37:772][ 49]LogPlayLevel: Display: Destroying online subsystem :Context_8
[2020.09.06-01.27.40:520][374]LogEditorViewport: Clicking on Actor (LMB): PlayerStart (Player Start)
[2020.09.06-01.27.50:233][468]LogNavigationPoint: PostEditMove Clear paths rebuilt
[2020.09.06-01.27.52:183][700]LogNavigationPoint: PostEditMove Clear paths rebuilt
[2020.09.06-01.27.54:290][949]LogNavigationPoint: PostEditMove Clear paths rebuilt
[2020.09.06-01.27.58:069][348]LogUObjectHash: Compacting FUObjectHashTables data took   3.20ms
[2020.09.06-01.27.58:105][348]LogUObjectHash: Compacting FUObjectHashTables data took   0.47ms
[2020.09.06-01.27.58:128][348]LogSavePackage: Moving '../../../../../../Users/Brayden/Documents/UnrealG/Platformer/Platformer/PlatFormer game/Platformer/Saved/MyLevelEB4DC9B149617916BFF368816C748454.tmp' to '../../../../../../Users/Brayden/Documents/UnrealG/Platformer/Platformer/PlatFormer game/Platformer/Content/MyLevel.umap'
[2020.09.06-01.27.58:161][348]LogFileHelpers: Saving map 'MyLevel' took 0.076
[2020.09.06-01.27.58:184][348]LogSavePackage: Moving '../../../../../../Users/Brayden/Documents/UnrealG/Platformer/Platformer/PlatFormer game/Platformer/Saved/MyLevel_BuiltDataA529070A4DE47095900C2CAB8ACE7E7F.tmp' to '../../../../../../Users/Brayden/Documents/UnrealG/Platformer/Platformer/PlatFormer game/Platformer/Content/MyLevel_BuiltData.uasset'
[2020.09.06-01.27.58:201][348]AssetCheck: New page: Asset Save: multiple assets
[2020.09.06-01.27.58:202][348]LogContentValidation: Display: Validating World /Game/MyLevel.MyLevel
[2020.09.06-01.27.58:202][348]LogContentValidation: Display: Validating MapBuildDataRegistry /Game/MyLevel_BuiltData.MyLevel_BuiltData
[2020.09.06-01.28.03:735][821]LogTemp: Repeating last play command: Selected Viewport
[2020.09.06-01.28.03:753][821]LogPlayLevel: PlayLevel: No blueprints needed recompiling
[2020.09.06-01.28.03:753][821]PIE: New page: PIE session: MyLevel (Sep 5, 2020, 3:28:03 PM)
[2020.09.06-01.28.03:753][821]LogPlayLevel: Creating play world package: /Game/UEDPIE_0_MyLevel
[2020.09.06-01.28.03:755][821]LogPlayLevel: PIE: StaticDuplicateObject took: (0.001964s)
[2020.09.06-01.28.03:756][821]LogAIModule: Creating AISystem for world MyLevel
[2020.09.06-01.28.03:756][821]LogAISub: UAISubsystem::UAISubsystem EnvQueryManager (000002AA5146BE00), frame # 74821
[2020.09.06-01.28.03:756][821]LogAISub: UAISubsystem::UAISubsystem AIPerceptionSystem (000002AA8F8265C0), frame # 74821
[2020.09.06-01.28.03:756][821]LogPlayLevel: PIE: World Init took: (0.001428s)
[2020.09.06-01.28.03:756][821]LogPlayLevel: PIE: Created PIE world by copying editor world from /Game/MyLevel.MyLevel to /Game/UEDPIE_0_MyLevel.MyLevel (0.003522s)
[2020.09.06-01.28.03:778][821]LogUObjectHash: Compacting FUObjectHashTables data took   1.99ms
[2020.09.06-01.28.03:780][821]LogAudioMixer: Display: Audio Mixer Platform Settings:
[2020.09.06-01.28.03:780][821]LogAudioMixer: Display: 	Sample Rate:						  48000
[2020.09.06-01.28.03:780][821]LogAudioMixer: Display: 	Callback Buffer Frame Size Requested: 1024
[2020.09.06-01.28.03:780][821]LogAudioMixer: Display: 	Callback Buffer Frame Size To Use:	  1024
[2020.09.06-01.28.03:780][821]LogAudioMixer: Display: 	Number of buffers to queue:			  2
[2020.09.06-01.28.03:781][821]LogAudioMixer: Display: 	Max Channels (voices):				  32
[2020.09.06-01.28.03:781][821]LogAudioMixer: Display: 	Number of Async Source Workers:		  0
[2020.09.06-01.28.03:781][821]LogAudio: Display: AudioDevice MaxSources: 32
[2020.09.06-01.28.03:781][821]LogAudio: Display: Using built-in audio occlusion.
[2020.09.06-01.28.03:781][821]LogAudioMixer: Display: Initializing audio mixer.
[2020.09.06-01.28.03:784][821]LogAudioMixer: Display: 0: FrontLeft
[2020.09.06-01.28.03:784][821]LogAudioMixer: Display: 1: FrontRight
[2020.09.06-01.28.03:809][821]LogAudioMixer: Display: Using Audio Device Speakers / Headphones (Realtek High Definition Audio)
[2020.09.06-01.28.03:809][821]LogAudioMixer: Display: Initializing Sound Submixes...
[2020.09.06-01.28.03:809][821]LogAudioMixer: Display: Creating Master Submix 'MasterSubmixDefault'
[2020.09.06-01.28.03:810][821]LogAudioMixer: Display: Creating Master Submix 'MasterReverbSubmixDefault'
[2020.09.06-01.28.03:810][821]LogAudioMixer: Display: Creating Master Submix 'MasterEQSubmixDefault'
[2020.09.06-01.28.03:824][821]LogInit: FAudioDevice initialized.
[2020.09.06-01.28.03:831][821]LogLoad: Game class is 'BpGameMode_C'
[2020.09.06-01.28.03:833][821]LogWorld: Bringing World /Game/UEDPIE_0_MyLevel.MyLevel up for play (max tick rate 0) at 2020.09.05-20.28.03
[2020.09.06-01.28.03:833][821]LogWorld: Bringing up level for play took: 0.000496
[2020.09.06-01.28.03:833][821]LogOnline: OSS: Creating online subsystem instance for: :Context_9
[2020.09.06-01.28.03:835][821]PIE: Server logged in
[2020.09.06-01.28.03:836][821]PIE: Play in editor total start time 0.084 seconds.
[2020.09.06-01.28.14:624][105]Cmd: SELECT NONE
[2020.09.06-01.28.15:733][197]LogSlate: Updating window title bar state: overlay mode, drag disabled, window buttons hidden, title bar hidden
[2020.09.06-01.28.15:734][197]LogWorld: BeginTearingDown for /Game/UEDPIE_0_MyLevel
[2020.09.06-01.28.15:734][197]LogWorld: UWorld::CleanupWorld for MyLevel, bSessionEnded=true, bCleanupResources=true
[2020.09.06-01.28.15:734][197]LogSlate: InvalidateAllWidgets triggered.  All widgets were invalidated
[2020.09.06-01.28.15:743][197]LogPlayLevel: Display: Shutting down PIE online subsystems
[2020.09.06-01.28.15:747][197]LogSlate: InvalidateAllWidgets triggered.  All widgets were invalidated
[2020.09.06-01.28.15:782][197]LogSlate: Updating window title bar state: overlay mode, drag disabled, window buttons hidden, title bar hidden
[2020.09.06-01.28.15:782][197]LogAISub: UAISubsystem::~UAISubsystem AIPerceptionSystem (000002AA8F8265C0), frame # 76197
[2020.09.06-01.28.15:782][197]LogAISub: UAISubsystem::~UAISubsystem EnvQueryManager (000002AA5146BE00), frame # 76197
[2020.09.06-01.28.15:785][197]LogUObjectHash: Compacting FUObjectHashTables data took   2.02ms
[2020.09.06-01.28.15:815][198]LogPlayLevel: Display: Destroying online subsystem :Context_9
[2020.09.06-01.28.26:453][450]LogAssetEditorSubsystem: Opening Asset editor for Blueprint /Game/BpMyCharacter.BpMyCharacter
[2020.09.06-01.35.06:550][417]BlueprintLog: New page: Compile BpMyCharacter
[2020.09.06-01.35.06:596][417]LogUObjectHash: Compacting FUObjectHashTables data took   3.04ms
[2020.09.06-01.35.08:224][567]Cmd: OBJ SAVEPACKAGE PACKAGE="/Game/BpMyCharacter" FILE="../../../../../../Users/Brayden/Documents/UnrealG/Platformer/Platformer/PlatFormer game/Platformer/Content/BpMyCharacter.uasset" SILENT=true
[2020.09.06-01.35.08:256][567]LogSavePackage: Moving '../../../../../../Users/Brayden/Documents/UnrealG/Platformer/Platformer/PlatFormer game/Platformer/Saved/BpMyCharacterE00AD792413E2B7D3728B2980D050FD5.tmp' to '../../../../../../Users/Brayden/Documents/UnrealG/Platformer/Platformer/PlatFormer game/Platformer/Content/BpMyCharacter.uasset'
[2020.09.06-01.35.08:267][567]AssetCheck: New page: Asset Save: BpMyCharacter
[2020.09.06-01.35.08:267][567]LogContentValidation: Display: Validating Blueprint /Game/BpMyCharacter.BpMyCharacter
[2020.09.06-01.35.18:428][649]LogSlate: Window 'BpMyCharacter' being destroyed
[2020.09.06-01.35.18:431][649]LogSlate: Window 'BpMyCharacter' being destroyed
[2020.09.06-01.35.18:481][649]LogWorld: UWorld::CleanupWorld for World_7, bSessionEnded=true, bCleanupResources=true
[2020.09.06-01.35.18:482][649]LogSlate: InvalidateAllWidgets triggered.  All widgets were invalidated
[2020.09.06-01.35.20:777][892]LogUObjectHash: Compacting FUObjectHashTables data took   2.37ms
[2020.09.06-01.35.27:141][637]LogTemp: Repeating last play command: Selected Viewport
[2020.09.06-01.35.27:159][637]LogPlayLevel: PlayLevel: No blueprints needed recompiling
[2020.09.06-01.35.27:159][637]PIE: New page: PIE session: MyLevel (Sep 5, 2020, 3:35:27 PM)
[2020.09.06-01.35.27:192][637]LogPlayLevel: Creating play world package: /Game/UEDPIE_0_MyLevel
[2020.09.06-01.35.27:194][637]LogPlayLevel: PIE: StaticDuplicateObject took: (0.002238s)
[2020.09.06-01.35.27:195][637]LogAIModule: Creating AISystem for world MyLevel
[2020.09.06-01.35.27:195][637]LogAISub: UAISubsystem::UAISubsystem EnvQueryManager (000002AA1C99A200), frame # 118637
[2020.09.06-01.35.27:195][637]LogAISub: UAISubsystem::UAISubsystem AIPerceptionSystem (000002AA512751C0), frame # 118637
[2020.09.06-01.35.27:196][637]LogPlayLevel: PIE: World Init took: (0.001607s)
[2020.09.06-01.35.27:196][637]LogPlayLevel: PIE: Created PIE world by copying editor world from /Game/MyLevel.MyLevel to /Game/UEDPIE_0_MyLevel.MyLevel (0.004015s)
[2020.09.06-01.35.27:216][637]LogUObjectHash: Compacting FUObjectHashTables data took   1.97ms
[2020.09.06-01.35.27:218][637]LogAudioMixer: Display: Audio Mixer Platform Settings:
[2020.09.06-01.35.27:218][637]LogAudioMixer: Display: 	Sample Rate:						  48000
[2020.09.06-01.35.27:218][637]LogAudioMixer: Display: 	Callback Buffer Frame Size Requested: 1024
[2020.09.06-01.35.27:218][637]LogAudioMixer: Display: 	Callback Buffer Frame Size To Use:	  1024
[2020.09.06-01.35.27:218][637]LogAudioMixer: Display: 	Number of buffers to queue:			  2
[2020.09.06-01.35.27:218][637]LogAudioMixer: Display: 	Max Channels (voices):				  32
[2020.09.06-01.35.27:218][637]LogAudioMixer: Display: 	Number of Async Source Workers:		  0
[2020.09.06-01.35.27:218][637]LogAudio: Display: AudioDevice MaxSources: 32
[2020.09.06-01.35.27:218][637]LogAudio: Display: Using built-in audio occlusion.
[2020.09.06-01.35.27:218][637]LogAudioMixer: Display: Initializing audio mixer.
[2020.09.06-01.35.27:221][637]LogAudioMixer: Display: 0: FrontLeft
[2020.09.06-01.35.27:221][637]LogAudioMixer: Display: 1: FrontRight
[2020.09.06-01.35.27:248][637]LogAudioMixer: Display: Using Audio Device Speakers / Headphones (Realtek High Definition Audio)
[2020.09.06-01.35.27:248][637]LogAudioMixer: Display: Initializing Sound Submixes...
[2020.09.06-01.35.27:248][637]LogAudioMixer: Display: Creating Master Submix 'MasterSubmixDefault'
[2020.09.06-01.35.27:248][637]LogAudioMixer: Display: Creating Master Submix 'MasterReverbSubmixDefault'
[2020.09.06-01.35.27:248][637]LogAudioMixer: Display: Creating Master Submix 'MasterEQSubmixDefault'
[2020.09.06-01.35.27:262][637]LogInit: FAudioDevice initialized.
[2020.09.06-01.35.27:273][637]LogLoad: Game class is 'BpGameMode_C'
[2020.09.06-01.35.27:274][637]LogWorld: Bringing World /Game/UEDPIE_0_MyLevel.MyLevel up for play (max tick rate 0) at 2020.09.05-20.35.27
[2020.09.06-01.35.27:274][637]LogWorld: Bringing up level for play took: 0.000491
[2020.09.06-01.35.27:274][637]LogOnline: OSS: Creating online subsystem instance for: :Context_11
[2020.09.06-01.35.27:277][637]PIE: Server logged in
[2020.09.06-01.35.27:278][637]PIE: Play in editor total start time 0.12 seconds.
[2020.09.06-01.35.35:522][621]LogSlate: Updating window title bar state: overlay mode, drag disabled, window buttons hidden, title bar hidden
[2020.09.06-01.35.35:522][621]LogWorld: BeginTearingDown for /Game/UEDPIE_0_MyLevel
[2020.09.06-01.35.35:522][621]LogWorld: UWorld::CleanupWorld for MyLevel, bSessionEnded=true, bCleanupResources=true
[2020.09.06-01.35.35:522][621]LogSlate: InvalidateAllWidgets triggered.  All widgets were invalidated
[2020.09.06-01.35.35:528][621]LogPlayLevel: Display: Shutting down PIE online subsystems
[2020.09.06-01.35.35:532][621]LogSlate: InvalidateAllWidgets triggered.  All widgets were invalidated
[2020.09.06-01.35.35:568][621]LogSlate: Updating window title bar state: overlay mode, drag disabled, window buttons hidden, title bar hidden
[2020.09.06-01.35.35:569][621]LogAISub: UAISubsystem::~UAISubsystem AIPerceptionSystem (000002AA512751C0), frame # 119621
[2020.09.06-01.35.35:569][621]LogAISub: UAISubsystem::~UAISubsystem EnvQueryManager (000002AA1C99A200), frame # 119621
[2020.09.06-01.35.35:571][621]LogUObjectHash: Compacting FUObjectHashTables data took   2.05ms
[2020.09.06-01.35.35:603][622]LogPlayLevel: Display: Destroying online subsystem :Context_11
[2020.09.06-01.36.02:010][146]LogAssetEditorSubsystem: Opening Asset editor for Blueprint /Game/BpMyCharacter.BpMyCharacter
[2020.09.06-01.37.38:234][808]BlueprintLog: New page: Compile BpMyCharacter
[2020.09.06-01.37.38:288][808]LogUObjectHash: Compacting FUObjectHashTables data took   2.30ms
[2020.09.06-01.37.39:336][917]Cmd: OBJ SAVEPACKAGE PACKAGE="/Game/BpMyCharacter" FILE="../../../../../../Users/Brayden/Documents/UnrealG/Platformer/Platformer/PlatFormer game/Platformer/Content/BpMyCharacter.uasset" SILENT=true
[2020.09.06-01.37.39:362][917]LogSavePackage: Moving '../../../../../../Users/Brayden/Documents/UnrealG/Platformer/Platformer/PlatFormer game/Platformer/Saved/BpMyCharacterDCCD05E74402036292CFD291B0048750.tmp' to '../../../../../../Users/Brayden/Documents/UnrealG/Platformer/Platformer/PlatFormer game/Platformer/Content/BpMyCharacter.uasset'
[2020.09.06-01.37.39:374][917]AssetCheck: New page: Asset Save: BpMyCharacter
[2020.09.06-01.37.39:374][917]LogContentValidation: Display: Validating Blueprint /Game/BpMyCharacter.BpMyCharacter
[2020.09.06-01.37.40:903][ 88]LogSlate: Window 'BpMyCharacter' being destroyed
[2020.09.06-01.37.40:905][ 88]LogSlate: Window 'BpMyCharacter' being destroyed
[2020.09.06-01.37.40:951][ 88]LogWorld: UWorld::CleanupWorld for World_8, bSessionEnded=true, bCleanupResources=true
[2020.09.06-01.37.40:951][ 88]LogSlate: InvalidateAllWidgets triggered.  All widgets were invalidated
[2020.09.06-01.37.45:926][629]LogTemp: Repeating last play command: Selected Viewport
[2020.09.06-01.37.45:943][629]LogPlayLevel: PlayLevel: No blueprints needed recompiling
[2020.09.06-01.37.45:943][629]PIE: New page: PIE session: MyLevel (Sep 5, 2020, 3:37:45 PM)
[2020.09.06-01.37.45:980][629]LogPlayLevel: Creating play world package: /Game/UEDPIE_0_MyLevel
[2020.09.06-01.37.45:983][629]LogPlayLevel: PIE: StaticDuplicateObject took: (0.002959s)
[2020.09.06-01.37.45:984][629]LogAIModule: Creating AISystem for world MyLevel
[2020.09.06-01.37.45:984][629]LogAISub: UAISubsystem::UAISubsystem EnvQueryManager (000002AA51984600), frame # 129629
[2020.09.06-01.37.45:985][629]LogAISub: UAISubsystem::UAISubsystem AIPerceptionSystem (000002AA8F826980), frame # 129629
[2020.09.06-01.37.45:985][629]LogPlayLevel: PIE: World Init took: (0.001372s)
[2020.09.06-01.37.45:985][629]LogPlayLevel: PIE: Created PIE world by copying editor world from /Game/MyLevel.MyLevel to /Game/UEDPIE_0_MyLevel.MyLevel (0.004502s)
[2020.09.06-01.37.46:007][629]LogUObjectHash: Compacting FUObjectHashTables data took   2.58ms
[2020.09.06-01.37.46:010][629]LogAudioMixer: Display: Audio Mixer Platform Settings:
[2020.09.06-01.37.46:010][629]LogAudioMixer: Display: 	Sample Rate:						  48000
[2020.09.06-01.37.46:010][629]LogAudioMixer: Display: 	Callback Buffer Frame Size Requested: 1024
[2020.09.06-01.37.46:010][629]LogAudioMixer: Display: 	Callback Buffer Frame Size To Use:	  1024
[2020.09.06-01.37.46:010][629]LogAudioMixer: Display: 	Number of buffers to queue:			  2
[2020.09.06-01.37.46:010][629]LogAudioMixer: Display: 	Max Channels (voices):				  32
[2020.09.06-01.37.46:010][629]LogAudioMixer: Display: 	Number of Async Source Workers:		  0
[2020.09.06-01.37.46:010][629]LogAudio: Display: AudioDevice MaxSources: 32
[2020.09.06-01.37.46:010][629]LogAudio: Display: Using built-in audio occlusion.
[2020.09.06-01.37.46:010][629]LogAudioMixer: Display: Initializing audio mixer.
[2020.09.06-01.37.46:012][629]LogAudioMixer: Display: 0: FrontLeft
[2020.09.06-01.37.46:012][629]LogAudioMixer: Display: 1: FrontRight
[2020.09.06-01.37.46:041][629]LogAudioMixer: Display: Using Audio Device Speakers / Headphones (Realtek High Definition Audio)
[2020.09.06-01.37.46:041][629]LogAudioMixer: Display: Initializing Sound Submixes...
[2020.09.06-01.37.46:041][629]LogAudioMixer: Display: Creating Master Submix 'MasterSubmixDefault'
[2020.09.06-01.37.46:041][629]LogAudioMixer: Display: Creating Master Submix 'MasterReverbSubmixDefault'
[2020.09.06-01.37.46:042][629]LogAudioMixer: Display: Creating Master Submix 'MasterEQSubmixDefault'
[2020.09.06-01.37.46:056][629]LogInit: FAudioDevice initialized.
[2020.09.06-01.37.46:061][629]LogLoad: Game class is 'BpGameMode_C'
[2020.09.06-01.37.46:062][629]LogWorld: Bringing World /Game/UEDPIE_0_MyLevel.MyLevel up for play (max tick rate 0) at 2020.09.05-20.37.46
[2020.09.06-01.37.46:062][629]LogWorld: Bringing up level for play took: 0.000499
[2020.09.06-01.37.46:062][629]LogOnline: OSS: Creating online subsystem instance for: :Context_13
[2020.09.06-01.37.46:065][629]PIE: Server logged in
[2020.09.06-01.37.46:066][629]PIE: Play in editor total start time 0.124 seconds.
[2020.09.06-01.37.54:251][606]LogSlate: Updating window title bar state: overlay mode, drag disabled, window buttons hidden, title bar hidden
[2020.09.06-01.37.54:251][606]LogWorld: BeginTearingDown for /Game/UEDPIE_0_MyLevel
[2020.09.06-01.37.54:251][606]LogWorld: UWorld::CleanupWorld for MyLevel, bSessionEnded=true, bCleanupResources=true
[2020.09.06-01.37.54:251][606]LogSlate: InvalidateAllWidgets triggered.  All widgets were invalidated
[2020.09.06-01.37.54:264][606]LogPlayLevel: Display: Shutting down PIE online subsystems
[2020.09.06-01.37.54:267][606]LogSlate: InvalidateAllWidgets triggered.  All widgets were invalidated
[2020.09.06-01.37.54:304][606]LogSlate: Updating window title bar state: overlay mode, drag disabled, window buttons hidden, title bar hidden
[2020.09.06-01.37.54:304][606]LogAISub: UAISubsystem::~UAISubsystem AIPerceptionSystem (000002AA8F826980), frame # 130606
[2020.09.06-01.37.54:305][606]LogAISub: UAISubsystem::~UAISubsystem EnvQueryManager (000002AA51984600), frame # 130606
[2020.09.06-01.37.54:307][606]LogUObjectHash: Compacting FUObjectHashTables data took   2.07ms
[2020.09.06-01.37.54:338][607]LogPlayLevel: Display: Destroying online subsystem :Context_13
[2020.09.06-01.37.57:454][955]LogAssetEditorSubsystem: Opening Asset editor for Blueprint /Game/BpMyCharacter.BpMyCharacter
[2020.09.06-01.38.10:384][238]BlueprintLog: New page: Compile BpMyCharacter
[2020.09.06-01.38.10:436][238]LogUObjectHash: Compacting FUObjectHashTables data took   2.25ms
[2020.09.06-01.38.11:167][313]Cmd: OBJ SAVEPACKAGE PACKAGE="/Game/BpMyCharacter" FILE="../../../../../../Users/Brayden/Documents/UnrealG/Platformer/Platformer/PlatFormer game/Platformer/Content/BpMyCharacter.uasset" SILENT=true
[2020.09.06-01.38.11:191][313]LogSavePackage: Moving '../../../../../../Users/Brayden/Documents/UnrealG/Platformer/Platformer/PlatFormer game/Platformer/Saved/BpMyCharacterBAB087614A48D39A20F2F3B02E2C07FB.tmp' to '../../../../../../Users/Brayden/Documents/UnrealG/Platformer/Platformer/PlatFormer game/Platformer/Content/BpMyCharacter.uasset'
[2020.09.06-01.38.11:201][313]AssetCheck: New page: Asset Save: BpMyCharacter
[2020.09.06-01.38.11:201][313]LogContentValidation: Display: Validating Blueprint /Game/BpMyCharacter.BpMyCharacter
[2020.09.06-01.38.12:749][489]LogSlate: Window 'BpMyCharacter' being destroyed
[2020.09.06-01.38.12:752][489]LogSlate: Window 'BpMyCharacter' being destroyed
[2020.09.06-01.38.12:781][489]LogWorld: UWorld::CleanupWorld for World_9, bSessionEnded=true, bCleanupResources=true
[2020.09.06-01.38.12:781][489]LogSlate: InvalidateAllWidgets triggered.  All widgets were invalidated
[2020.09.06-01.38.16:564][919]LogTemp: Repeating last play command: Selected Viewport
[2020.09.06-01.38.16:581][919]LogPlayLevel: PlayLevel: No blueprints needed recompiling
[2020.09.06-01.38.16:581][919]PIE: New page: PIE session: MyLevel (Sep 5, 2020, 3:38:16 PM)
[2020.09.06-01.38.16:582][919]LogPlayLevel: Creating play world package: /Game/UEDPIE_0_MyLevel
[2020.09.06-01.38.16:584][919]LogPlayLevel: PIE: StaticDuplicateObject took: (0.002175s)
[2020.09.06-01.38.16:585][919]LogAIModule: Creating AISystem for world MyLevel
[2020.09.06-01.38.16:585][919]LogAISub: UAISubsystem::UAISubsystem EnvQueryManager (000002AA48F79C00), frame # 132919
[2020.09.06-01.38.16:585][919]LogAISub: UAISubsystem::UAISubsystem AIPerceptionSystem (000002AA3C5BAC00), frame # 132919
[2020.09.06-01.38.16:585][919]LogPlayLevel: PIE: World Init took: (0.001218s)
[2020.09.06-01.38.16:585][919]LogPlayLevel: PIE: Created PIE world by copying editor world from /Game/MyLevel.MyLevel to /Game/UEDPIE_0_MyLevel.MyLevel (0.003532s)
[2020.09.06-01.38.16:608][919]LogUObjectHash: Compacting FUObjectHashTables data took   2.35ms
[2020.09.06-01.38.16:609][919]LogAudioMixer: Display: Audio Mixer Platform Settings:
[2020.09.06-01.38.16:609][919]LogAudioMixer: Display: 	Sample Rate:						  48000
[2020.09.06-01.38.16:610][919]LogAudioMixer: Display: 	Callback Buffer Frame Size Requested: 1024
[2020.09.06-01.38.16:610][919]LogAudioMixer: Display: 	Callback Buffer Frame Size To Use:	  1024
[2020.09.06-01.38.16:610][919]LogAudioMixer: Display: 	Number of buffers to queue:			  2
[2020.09.06-01.38.16:610][919]LogAudioMixer: Display: 	Max Channels (voices):				  32
[2020.09.06-01.38.16:610][919]LogAudioMixer: Display: 	Number of Async Source Workers:		  0
[2020.09.06-01.38.16:610][919]LogAudio: Display: AudioDevice MaxSources: 32
[2020.09.06-01.38.16:610][919]LogAudio: Display: Using built-in audio occlusion.
[2020.09.06-01.38.16:610][919]LogAudioMixer: Display: Initializing audio mixer.
[2020.09.06-01.38.16:612][919]LogAudioMixer: Display: 0: FrontLeft
[2020.09.06-01.38.16:612][919]LogAudioMixer: Display: 1: FrontRight
[2020.09.06-01.38.16:639][919]LogAudioMixer: Display: Using Audio Device Speakers / Headphones (Realtek High Definition Audio)
[2020.09.06-01.38.16:640][919]LogAudioMixer: Display: Initializing Sound Submixes...
[2020.09.06-01.38.16:640][919]LogAudioMixer: Display: Creating Master Submix 'MasterSubmixDefault'
[2020.09.06-01.38.16:640][919]LogAudioMixer: Display: Creating Master Submix 'MasterReverbSubmixDefault'
[2020.09.06-01.38.16:640][919]LogAudioMixer: Display: Creating Master Submix 'MasterEQSubmixDefault'
[2020.09.06-01.38.16:654][919]LogInit: FAudioDevice initialized.
[2020.09.06-01.38.16:659][919]LogLoad: Game class is 'BpGameMode_C'
[2020.09.06-01.38.16:660][919]LogWorld: Bringing World /Game/UEDPIE_0_MyLevel.MyLevel up for play (max tick rate 0) at 2020.09.05-20.38.16
[2020.09.06-01.38.16:661][919]LogWorld: Bringing up level for play took: 0.000512
[2020.09.06-01.38.16:661][919]LogOnline: OSS: Creating online subsystem instance for: :Context_15
[2020.09.06-01.38.16:663][919]PIE: Server logged in
[2020.09.06-01.38.16:665][919]PIE: Play in editor total start time 0.084 seconds.
[2020.09.06-01.38.29:581][464]LogSlate: Updating window title bar state: overlay mode, drag disabled, window buttons hidden, title bar hidden
[2020.09.06-01.38.29:581][464]LogWorld: BeginTearingDown for /Game/UEDPIE_0_MyLevel
[2020.09.06-01.38.29:582][464]LogWorld: UWorld::CleanupWorld for MyLevel, bSessionEnded=true, bCleanupResources=true
[2020.09.06-01.38.29:582][464]LogSlate: InvalidateAllWidgets triggered.  All widgets were invalidated
[2020.09.06-01.38.29:590][464]LogPlayLevel: Display: Shutting down PIE online subsystems
[2020.09.06-01.38.29:593][464]LogSlate: InvalidateAllWidgets triggered.  All widgets were invalidated
[2020.09.06-01.38.29:631][464]LogSlate: Updating window title bar state: overlay mode, drag disabled, window buttons hidden, title bar hidden
[2020.09.06-01.38.29:632][464]LogAISub: UAISubsystem::~UAISubsystem AIPerceptionSystem (000002AA3C5BAC00), frame # 134464
[2020.09.06-01.38.29:632][464]LogAISub: UAISubsystem::~UAISubsystem EnvQueryManager (000002AA48F79C00), frame # 134464
[2020.09.06-01.38.29:634][464]LogUObjectHash: Compacting FUObjectHashTables data took   1.94ms
[2020.09.06-01.38.29:665][465]LogPlayLevel: Display: Destroying online subsystem :Context_15
[2020.09.06-01.38.34:775][ 17]LogUObjectHash: Compacting FUObjectHashTables data took   2.07ms
